#
# There is insufficient memory for the Java Runtime Environment to continue.
# Native memory allocation (malloc) failed to allocate 2099520 bytes for Chunk::new
# Possible reasons:
#   The system is out of physical RAM or swap space
#   The process is running with CompressedOops enabled, and the Java Heap may be blocking the growth of the native heap
# Possible solutions:
#   Reduce memory load on the system
#   Increase physical memory or swap space
#   Check if swap backing store is full
#   Decrease Java heap size (-Xmx/-Xms)
#   Decrease number of Java threads
#   Decrease Java thread stack sizes (-Xss)
#   Set larger code cache with -XX:ReservedCodeCacheSize=
#   JVM is running with Unscaled Compressed Oops mode in which the Java heap is
#     placed in the first 4GB address space. The Java Heap base address is the
#     maximum limit for the native heap growth. Please use -XX:HeapBaseMinAddress
#     to set the Java Heap base and to place the Java Heap above 4GB virtual address.
# This output file may be truncated or incomplete.
#
#  Out of Memory Error (arena.cpp:168), pid=5472, tid=9332
#
# JRE version: Java(TM) SE Runtime Environment (21.0.9+7) (build 21.0.9+7-LTS-338)
# Java VM: Java HotSpot(TM) 64-Bit Server VM (21.0.9+7-LTS-338, mixed mode, sharing, tiered, compressed oops, compressed class ptrs, g1 gc, windows-amd64)
# No core dump will be written. Minidumps are not enabled by default on client versions of Windows
#

---------------  S U M M A R Y ------------

Command Line: --add-opens=java.base/java.lang=ALL-UNNAMED --add-opens=java.base/java.lang.invoke=ALL-UNNAMED --add-opens=java.base/java.util=ALL-UNNAMED --add-opens=java.prefs/java.util.prefs=ALL-UNNAMED --add-exports=jdk.compiler/com.sun.tools.javac.api=ALL-UNNAMED --add-exports=jdk.compiler/com.sun.tools.javac.util=ALL-UNNAMED --add-opens=java.base/java.util=ALL-UNNAMED --add-opens=java.prefs/java.util.prefs=ALL-UNNAMED --add-opens=java.base/java.nio.charset=ALL-UNNAMED --add-opens=java.base/java.net=ALL-UNNAMED --add-opens=java.base/java.util.concurrent=ALL-UNNAMED --add-opens=java.base/java.util.concurrent.atomic=ALL-UNNAMED --add-opens=java.xml/javax.xml.namespace=ALL-UNNAMED --add-opens=java.base/java.time=ALL-UNNAMED -XX:MaxMetaspaceSize=384m -XX:+HeapDumpOnOutOfMemoryError -Xms256m -Xmx512m -Dfile.encoding=UTF-8 -Duser.country=FR -Duser.language=fr -Duser.variant -javaagent:C:\Users\HP\.gradle\wrapper\dists\gradle-9.3.0-bin\79n14ral3mx1ozqr3csh2u872\gradle-9.3.0\lib\agents\gradle-instrumentation-agent-9.3.0.jar org.gradle.launcher.daemon.bootstrap.GradleDaemon 9.3.0

Host: Intel(R) Core(TM) i5-10310U CPU @ 1.70GHz, 8 cores, 15G,  Windows 11 , 64 bit Build 26100 (10.0.26100.7920)
Time: Mon Apr 13 22:32:52 2026 elapsed time: 6.487762 seconds (0d 0h 0m 6s)

---------------  T H R E A D  ---------------

Current thread (0x000001fdbe20cca0):  JavaThread "C2 CompilerThread0" daemon [_thread_in_native, id=9332, stack(0x000000d2d3700000,0x000000d2d3800000) (1024K)]


Current CompileTask:
C2:   6487 2653   !   4       java.lang.ClassLoader::loadClass (121 bytes)

Stack: [0x000000d2d3700000,0x000000d2d3800000]
Native frames: (J=compiled Java code, j=interpreted, Vv=VM code, C=native code)
V  [jvm.dll+0x6cbf89]
V  [jvm.dll+0x858421]
V  [jvm.dll+0x85a94e]
V  [jvm.dll+0x85b023]
V  [jvm.dll+0x27ebc6]
V  [jvm.dll+0xc4f4d]
V  [jvm.dll+0xc5483]
V  [jvm.dll+0x3b69fc]
V  [jvm.dll+0x382925]
V  [jvm.dll+0x381d9a]
V  [jvm.dll+0x247640]
V  [jvm.dll+0x246c1f]
V  [jvm.dll+0x1c7a3e]
V  [jvm.dll+0x256329]
V  [jvm.dll+0x2548ba]
V  [jvm.dll+0x3efdee]
V  [jvm.dll+0x80265b]
V  [jvm.dll+0x6ca66d]
C  [ucrtbase.dll+0x37b0]
C  [KERNEL32.DLL+0x2e8d7]
C  [ntdll.dll+0x8c48c]


---------------  P R O C E S S  ---------------

Threads class SMR info:
_java_thread_list=0x000001fdd916fe90, length=25, elements={
0x000001fda14fd450, 0x000001fdbe093f40, 0x000001fdbe094b50, 0x000001fdbe09bbe0,
0x000001fdbe1f0080, 0x000001fdbe1f8b90, 0x000001fdbe1f97a0, 0x000001fdbe20cca0,
0x000001fdbe216fb0, 0x000001fdbe3c1530, 0x000001fdbe42bd20, 0x000001fdd8f90530,
0x000001fdd9011010, 0x000001fdd90a7780, 0x000001fdd92399e0, 0x000001fdd923a870,
0x000001fdd912f720, 0x000001fdd9131170, 0x000001fdd91b6ae0, 0x000001fdd91b7170,
0x000001fdd91b50a0, 0x000001fdd91b3cf0, 0x000001fdd91b4380, 0x000001fdbe218420,
0x000001fdd91b5730
}

Java Threads: ( => current thread )
  0x000001fda14fd450 JavaThread "main"                              [_thread_blocked, id=18424, stack(0x000000d2d2900000,0x000000d2d2a00000) (1024K)]
  0x000001fdbe093f40 JavaThread "Reference Handler"          daemon [_thread_blocked, id=17212, stack(0x000000d2d3100000,0x000000d2d3200000) (1024K)]
  0x000001fdbe094b50 JavaThread "Finalizer"                  daemon [_thread_blocked, id=2236, stack(0x000000d2d3200000,0x000000d2d3300000) (1024K)]
  0x000001fdbe09bbe0 JavaThread "Signal Dispatcher"          daemon [_thread_blocked, id=19612, stack(0x000000d2d3300000,0x000000d2d3400000) (1024K)]
  0x000001fdbe1f0080 JavaThread "Attach Listener"            daemon [_thread_blocked, id=8600, stack(0x000000d2d3400000,0x000000d2d3500000) (1024K)]
  0x000001fdbe1f8b90 JavaThread "Service Thread"             daemon [_thread_blocked, id=21028, stack(0x000000d2d3500000,0x000000d2d3600000) (1024K)]
  0x000001fdbe1f97a0 JavaThread "Monitor Deflation Thread"   daemon [_thread_blocked, id=20096, stack(0x000000d2d3600000,0x000000d2d3700000) (1024K)]
=>0x000001fdbe20cca0 JavaThread "C2 CompilerThread0"         daemon [_thread_in_native, id=9332, stack(0x000000d2d3700000,0x000000d2d3800000) (1024K)]
  0x000001fdbe216fb0 JavaThread "C1 CompilerThread0"         daemon [_thread_blocked, id=18328, stack(0x000000d2d3800000,0x000000d2d3900000) (1024K)]
  0x000001fdbe3c1530 JavaThread "Common-Cleaner"             daemon [_thread_blocked, id=7788, stack(0x000000d2d3900000,0x000000d2d3a00000) (1024K)]
  0x000001fdbe42bd20 JavaThread "Notification Thread"        daemon [_thread_blocked, id=12332, stack(0x000000d2d3a00000,0x000000d2d3b00000) (1024K)]
  0x000001fdd8f90530 JavaThread "Daemon health stats"               [_thread_blocked, id=17956, stack(0x000000d2d3c00000,0x000000d2d3d00000) (1024K)]
  0x000001fdd9011010 JavaThread "Incoming local TCP Connector on port 57992"        [_thread_in_native, id=1120, stack(0x000000d2d3b00000,0x000000d2d3c00000) (1024K)]
  0x000001fdd90a7780 JavaThread "Daemon periodic checks"            [_thread_blocked, id=17804, stack(0x000000d2d4200000,0x000000d2d4300000) (1024K)]
  0x000001fdd92399e0 JavaThread "Daemon"                            [_thread_blocked, id=13816, stack(0x000000d2d4300000,0x000000d2d4400000) (1024K)]
  0x000001fdd923a870 JavaThread "Handler for socket connection from /127.0.0.1:57992 to /127.0.0.1:57993"        [_thread_in_native, id=21164, stack(0x000000d2d4400000,0x000000d2d4500000) (1024K)]
  0x000001fdd912f720 JavaThread "Cancel handler"                    [_thread_blocked, id=5448, stack(0x000000d2d4500000,0x000000d2d4600000) (1024K)]
  0x000001fdd9131170 JavaThread "Daemon worker"                     [_thread_in_vm, id=22276, stack(0x000000d2d4600000,0x000000d2d4700000) (1024K)]
  0x000001fdd91b6ae0 JavaThread "Asynchronous log dispatcher for DefaultDaemonConnection: socket connection from /127.0.0.1:57992 to /127.0.0.1:57993"        [_thread_blocked, id=7216, stack(0x000000d2d4700000,0x000000d2d4800000) (1024K)]
  0x000001fdd91b7170 JavaThread "Stdin handler"                     [_thread_blocked, id=18240, stack(0x000000d2d4800000,0x000000d2d4900000) (1024K)]
  0x000001fdd91b50a0 JavaThread "Daemon client event forwarder"        [_thread_blocked, id=13584, stack(0x000000d2d4900000,0x000000d2d4a00000) (1024K)]
  0x000001fdd91b3cf0 JavaThread "Cache worker for journal cache (C:\Users\HP\.gradle\caches\journal-1)"        [_thread_blocked, id=15888, stack(0x000000d2d4a00000,0x000000d2d4b00000) (1024K)]
  0x000001fdd91b4380 JavaThread "File lock request listener"        [_thread_in_native, id=6784, stack(0x000000d2d4b00000,0x000000d2d4c00000) (1024K)]
  0x000001fdbe218420 JavaThread "C2 CompilerThread1"         daemon [_thread_in_native, id=22116, stack(0x000000d2d4c00000,0x000000d2d4d00000) (1024K)]
  0x000001fdd91b5730 JavaThread "Cache worker for file hash cache (C:\Users\HP\.gradle\caches\9.3.0\fileHashes)"        [_thread_blocked, id=21220, stack(0x000000d2d4d00000,0x000000d2d4e00000) (1024K)]
Total: 25

Other Threads:
  0x000001fdbe078740 VMThread "VM Thread"                           [id=18044, stack(0x000000d2d3000000,0x000000d2d3100000) (1024K)]
  0x000001fdbe06c270 WatcherThread "VM Periodic Task Thread"        [id=19148, stack(0x000000d2d2f00000,0x000000d2d3000000) (1024K)]
  0x000001fda15269c0 WorkerThread "GC Thread#0"                     [id=20136, stack(0x000000d2d2a00000,0x000000d2d2b00000) (1024K)]
  0x000001fdbe4defd0 WorkerThread "GC Thread#1"                     [id=12400, stack(0x000000d2d3d00000,0x000000d2d3e00000) (1024K)]
  0x000001fdbe53f850 WorkerThread "GC Thread#2"                     [id=16184, stack(0x000000d2d3e00000,0x000000d2d3f00000) (1024K)]
  0x000001fdbe521b70 WorkerThread "GC Thread#3"                     [id=3168, stack(0x000000d2d3f00000,0x000000d2d4000000) (1024K)]
  0x000001fdbe8110f0 WorkerThread "GC Thread#4"                     [id=19316, stack(0x000000d2d4000000,0x000000d2d4100000) (1024K)]
  0x000001fdbe8114a0 WorkerThread "GC Thread#5"                     [id=6212, stack(0x000000d2d4100000,0x000000d2d4200000) (1024K)]
  0x000001fda152e0d0 ConcurrentGCThread "G1 Main Marker"            [id=9296, stack(0x000000d2d2b00000,0x000000d2d2c00000) (1024K)]
  0x000001fda152fa90 WorkerThread "G1 Conc#0"                       [id=21484, stack(0x000000d2d2c00000,0x000000d2d2d00000) (1024K)]
  0x000001fdbdf3fa40 ConcurrentGCThread "G1 Refine#0"               [id=14692, stack(0x000000d2d2d00000,0x000000d2d2e00000) (1024K)]
  0x000001fdbdf40370 ConcurrentGCThread "G1 Service"                [id=18260, stack(0x000000d2d2e00000,0x000000d2d2f00000) (1024K)]
Total: 12

Threads with active compile tasks:
C2 CompilerThread0     6551 2653   !   4       java.lang.ClassLoader::loadClass (121 bytes)
C2 CompilerThread1     6551 2707       4       java.lang.invoke.MethodType::makeImpl (109 bytes)
Total: 2

VM state: not at safepoint (normal execution)

VM Mutex/Monitor currently owned by a thread: None

Heap address: 0x00000000e0000000, size: 512 MB, Compressed Oops mode: 32-bit

CDS archive(s) mapped at: [0x000001fdbf000000-0x000001fdbfc90000-0x000001fdbfc90000), size 13172736, SharedBaseAddress: 0x000001fdbf000000, ArchiveRelocationMode: 1.
Compressed class space mapped at: 0x000001fdc0000000-0x000001fdd4000000, reserved size: 335544320
Narrow klass base: 0x000001fdbf000000, Narrow klass shift: 0, Narrow klass range: 0x100000000

GC Precious Log:
 CardTable entry size: 512
 Card Set container configuration: InlinePtr #cards 5 size 8 Array Of Cards #cards 12 size 40 Howl #buckets 4 coarsen threshold 1843 Howl Bitmap #cards 512 size 80 coarsen threshold 460 Card regions per heap region 1 cards per card region 2048
 CPUs: 8 total, 8 available
 Memory: 16085M
 Large Page Support: Disabled
 NUMA Support: Disabled
 Compressed Oops: Enabled (32-bit)
 Heap Region Size: 1M
 Heap Min Capacity: 256M
 Heap Initial Capacity: 256M
 Heap Max Capacity: 512M
 Pre-touch: Disabled
 Parallel Workers: 8
 Concurrent Workers: 2
 Concurrent Refinement Workers: 8
 Periodic GC: Disabled

Heap:
 garbage-first heap   total 262144K, used 122138K [0x00000000e0000000, 0x0000000100000000)
  region size 1024K, 113 young (115712K), 5 survivors (5120K)
 Metaspace       used 16835K, committed 17344K, reserved 393216K
  class space    used 2258K, committed 2496K, reserved 327680K

Heap Regions: E=young(eden), S=young(survivor), O=old, HS=humongous(starts), HC=humongous(continues), CS=collection set, F=free, TAMS=top-at-mark-start, PB=parsable bottom
|   0|0x00000000e0000000, 0x00000000e0100000, 0x00000000e0100000|100%|HS|  |TAMS 0x00000000e0000000| PB 0x00000000e0000000| Complete 
|   1|0x00000000e0100000, 0x00000000e0200000, 0x00000000e0200000|100%|HC|  |TAMS 0x00000000e0100000| PB 0x00000000e0100000| Complete 
|   2|0x00000000e0200000, 0x00000000e0300000, 0x00000000e0300000|100%|HC|  |TAMS 0x00000000e0200000| PB 0x00000000e0200000| Complete 
|   3|0x00000000e0300000, 0x00000000e0400000, 0x00000000e0400000|100%|HC|  |TAMS 0x00000000e0300000| PB 0x00000000e0300000| Complete 
|   4|0x00000000e0400000, 0x00000000e0500000, 0x00000000e0500000|100%| O|  |TAMS 0x00000000e0400000| PB 0x00000000e0400000| Untracked 
|   5|0x00000000e0500000, 0x00000000e0600000, 0x00000000e0600000|100%| O|  |TAMS 0x00000000e0500000| PB 0x00000000e0500000| Untracked 
|   6|0x00000000e0600000, 0x00000000e0646bf0, 0x00000000e0700000| 27%| O|  |TAMS 0x00000000e0600000| PB 0x00000000e0600000| Untracked 
|   7|0x00000000e0700000, 0x00000000e0800000, 0x00000000e0800000|100%|HS|  |TAMS 0x00000000e0700000| PB 0x00000000e0700000| Complete 
|   8|0x00000000e0800000, 0x00000000e0900000, 0x00000000e0900000|100%|HS|  |TAMS 0x00000000e0800000| PB 0x00000000e0800000| Complete 
|   9|0x00000000e0900000, 0x00000000e0900000, 0x00000000e0a00000|  0%| F|  |TAMS 0x00000000e0900000| PB 0x00000000e0900000| Untracked 
|  10|0x00000000e0a00000, 0x00000000e0a00000, 0x00000000e0b00000|  0%| F|  |TAMS 0x00000000e0a00000| PB 0x00000000e0a00000| Untracked 
|  11|0x00000000e0b00000, 0x00000000e0b00000, 0x00000000e0c00000|  0%| F|  |TAMS 0x00000000e0b00000| PB 0x00000000e0b00000| Untracked 
|  12|0x00000000e0c00000, 0x00000000e0c00000, 0x00000000e0d00000|  0%| F|  |TAMS 0x00000000e0c00000| PB 0x00000000e0c00000| Untracked 
|  13|0x00000000e0d00000, 0x00000000e0d00000, 0x00000000e0e00000|  0%| F|  |TAMS 0x00000000e0d00000| PB 0x00000000e0d00000| Untracked 
|  14|0x00000000e0e00000, 0x00000000e0e00000, 0x00000000e0f00000|  0%| F|  |TAMS 0x00000000e0e00000| PB 0x00000000e0e00000| Untracked 
|  15|0x00000000e0f00000, 0x00000000e0f00000, 0x00000000e1000000|  0%| F|  |TAMS 0x00000000e0f00000| PB 0x00000000e0f00000| Untracked 
|  16|0x00000000e1000000, 0x00000000e1000000, 0x00000000e1100000|  0%| F|  |TAMS 0x00000000e1000000| PB 0x00000000e1000000| Untracked 
|  17|0x00000000e1100000, 0x00000000e1100000, 0x00000000e1200000|  0%| F|  |TAMS 0x00000000e1100000| PB 0x00000000e1100000| Untracked 
|  18|0x00000000e1200000, 0x00000000e1200000, 0x00000000e1300000|  0%| F|  |TAMS 0x00000000e1200000| PB 0x00000000e1200000| Untracked 
|  19|0x00000000e1300000, 0x00000000e1300000, 0x00000000e1400000|  0%| F|  |TAMS 0x00000000e1300000| PB 0x00000000e1300000| Untracked 
|  20|0x00000000e1400000, 0x00000000e1400000, 0x00000000e1500000|  0%| F|  |TAMS 0x00000000e1400000| PB 0x00000000e1400000| Untracked 
|  21|0x00000000e1500000, 0x00000000e1500000, 0x00000000e1600000|  0%| F|  |TAMS 0x00000000e1500000| PB 0x00000000e1500000| Untracked 
|  22|0x00000000e1600000, 0x00000000e1600000, 0x00000000e1700000|  0%| F|  |TAMS 0x00000000e1600000| PB 0x00000000e1600000| Untracked 
|  23|0x00000000e1700000, 0x00000000e1700000, 0x00000000e1800000|  0%| F|  |TAMS 0x00000000e1700000| PB 0x00000000e1700000| Untracked 
|  24|0x00000000e1800000, 0x00000000e1800000, 0x00000000e1900000|  0%| F|  |TAMS 0x00000000e1800000| PB 0x00000000e1800000| Untracked 
|  25|0x00000000e1900000, 0x00000000e1900000, 0x00000000e1a00000|  0%| F|  |TAMS 0x00000000e1900000| PB 0x00000000e1900000| Untracked 
|  26|0x00000000e1a00000, 0x00000000e1a00000, 0x00000000e1b00000|  0%| F|  |TAMS 0x00000000e1a00000| PB 0x00000000e1a00000| Untracked 
|  27|0x00000000e1b00000, 0x00000000e1b00000, 0x00000000e1c00000|  0%| F|  |TAMS 0x00000000e1b00000| PB 0x00000000e1b00000| Untracked 
|  28|0x00000000e1c00000, 0x00000000e1c00000, 0x00000000e1d00000|  0%| F|  |TAMS 0x00000000e1c00000| PB 0x00000000e1c00000| Untracked 
|  29|0x00000000e1d00000, 0x00000000e1d00000, 0x00000000e1e00000|  0%| F|  |TAMS 0x00000000e1d00000| PB 0x00000000e1d00000| Untracked 
|  30|0x00000000e1e00000, 0x00000000e1e00000, 0x00000000e1f00000|  0%| F|  |TAMS 0x00000000e1e00000| PB 0x00000000e1e00000| Untracked 
|  31|0x00000000e1f00000, 0x00000000e1f00000, 0x00000000e2000000|  0%| F|  |TAMS 0x00000000e1f00000| PB 0x00000000e1f00000| Untracked 
|  32|0x00000000e2000000, 0x00000000e2000000, 0x00000000e2100000|  0%| F|  |TAMS 0x00000000e2000000| PB 0x00000000e2000000| Untracked 
|  33|0x00000000e2100000, 0x00000000e2100000, 0x00000000e2200000|  0%| F|  |TAMS 0x00000000e2100000| PB 0x00000000e2100000| Untracked 
|  34|0x00000000e2200000, 0x00000000e2200000, 0x00000000e2300000|  0%| F|  |TAMS 0x00000000e2200000| PB 0x00000000e2200000| Untracked 
|  35|0x00000000e2300000, 0x00000000e2300000, 0x00000000e2400000|  0%| F|  |TAMS 0x00000000e2300000| PB 0x00000000e2300000| Untracked 
|  36|0x00000000e2400000, 0x00000000e2400000, 0x00000000e2500000|  0%| F|  |TAMS 0x00000000e2400000| PB 0x00000000e2400000| Untracked 
|  37|0x00000000e2500000, 0x00000000e2500000, 0x00000000e2600000|  0%| F|  |TAMS 0x00000000e2500000| PB 0x00000000e2500000| Untracked 
|  38|0x00000000e2600000, 0x00000000e2600000, 0x00000000e2700000|  0%| F|  |TAMS 0x00000000e2600000| PB 0x00000000e2600000| Untracked 
|  39|0x00000000e2700000, 0x00000000e2700000, 0x00000000e2800000|  0%| F|  |TAMS 0x00000000e2700000| PB 0x00000000e2700000| Untracked 
|  40|0x00000000e2800000, 0x00000000e2800000, 0x00000000e2900000|  0%| F|  |TAMS 0x00000000e2800000| PB 0x00000000e2800000| Untracked 
|  41|0x00000000e2900000, 0x00000000e2900000, 0x00000000e2a00000|  0%| F|  |TAMS 0x00000000e2900000| PB 0x00000000e2900000| Untracked 
|  42|0x00000000e2a00000, 0x00000000e2a00000, 0x00000000e2b00000|  0%| F|  |TAMS 0x00000000e2a00000| PB 0x00000000e2a00000| Untracked 
|  43|0x00000000e2b00000, 0x00000000e2b00000, 0x00000000e2c00000|  0%| F|  |TAMS 0x00000000e2b00000| PB 0x00000000e2b00000| Untracked 
|  44|0x00000000e2c00000, 0x00000000e2c00000, 0x00000000e2d00000|  0%| F|  |TAMS 0x00000000e2c00000| PB 0x00000000e2c00000| Untracked 
|  45|0x00000000e2d00000, 0x00000000e2d00000, 0x00000000e2e00000|  0%| F|  |TAMS 0x00000000e2d00000| PB 0x00000000e2d00000| Untracked 
|  46|0x00000000e2e00000, 0x00000000e2e00000, 0x00000000e2f00000|  0%| F|  |TAMS 0x00000000e2e00000| PB 0x00000000e2e00000| Untracked 
|  47|0x00000000e2f00000, 0x00000000e2f00000, 0x00000000e3000000|  0%| F|  |TAMS 0x00000000e2f00000| PB 0x00000000e2f00000| Untracked 
|  48|0x00000000e3000000, 0x00000000e3000000, 0x00000000e3100000|  0%| F|  |TAMS 0x00000000e3000000| PB 0x00000000e3000000| Untracked 
|  49|0x00000000e3100000, 0x00000000e3100000, 0x00000000e3200000|  0%| F|  |TAMS 0x00000000e3100000| PB 0x00000000e3100000| Untracked 
|  50|0x00000000e3200000, 0x00000000e3200000, 0x00000000e3300000|  0%| F|  |TAMS 0x00000000e3200000| PB 0x00000000e3200000| Untracked 
|  51|0x00000000e3300000, 0x00000000e3300000, 0x00000000e3400000|  0%| F|  |TAMS 0x00000000e3300000| PB 0x00000000e3300000| Untracked 
|  52|0x00000000e3400000, 0x00000000e3400000, 0x00000000e3500000|  0%| F|  |TAMS 0x00000000e3400000| PB 0x00000000e3400000| Untracked 
|  53|0x00000000e3500000, 0x00000000e3500000, 0x00000000e3600000|  0%| F|  |TAMS 0x00000000e3500000| PB 0x00000000e3500000| Untracked 
|  54|0x00000000e3600000, 0x00000000e3600000, 0x00000000e3700000|  0%| F|  |TAMS 0x00000000e3600000| PB 0x00000000e3600000| Untracked 
|  55|0x00000000e3700000, 0x00000000e3700000, 0x00000000e3800000|  0%| F|  |TAMS 0x00000000e3700000| PB 0x00000000e3700000| Untracked 
|  56|0x00000000e3800000, 0x00000000e3800000, 0x00000000e3900000|  0%| F|  |TAMS 0x00000000e3800000| PB 0x00000000e3800000| Untracked 
|  57|0x00000000e3900000, 0x00000000e3900000, 0x00000000e3a00000|  0%| F|  |TAMS 0x00000000e3900000| PB 0x00000000e3900000| Untracked 
|  58|0x00000000e3a00000, 0x00000000e3a00000, 0x00000000e3b00000|  0%| F|  |TAMS 0x00000000e3a00000| PB 0x00000000e3a00000| Untracked 
|  59|0x00000000e3b00000, 0x00000000e3b00000, 0x00000000e3c00000|  0%| F|  |TAMS 0x00000000e3b00000| PB 0x00000000e3b00000| Untracked 
|  60|0x00000000e3c00000, 0x00000000e3c00000, 0x00000000e3d00000|  0%| F|  |TAMS 0x00000000e3c00000| PB 0x00000000e3c00000| Untracked 
|  61|0x00000000e3d00000, 0x00000000e3d00000, 0x00000000e3e00000|  0%| F|  |TAMS 0x00000000e3d00000| PB 0x00000000e3d00000| Untracked 
|  62|0x00000000e3e00000, 0x00000000e3e00000, 0x00000000e3f00000|  0%| F|  |TAMS 0x00000000e3e00000| PB 0x00000000e3e00000| Untracked 
|  63|0x00000000e3f00000, 0x00000000e3f00000, 0x00000000e4000000|  0%| F|  |TAMS 0x00000000e3f00000| PB 0x00000000e3f00000| Untracked 
|  64|0x00000000e4000000, 0x00000000e4000000, 0x00000000e4100000|  0%| F|  |TAMS 0x00000000e4000000| PB 0x00000000e4000000| Untracked 
|  65|0x00000000e4100000, 0x00000000e4100000, 0x00000000e4200000|  0%| F|  |TAMS 0x00000000e4100000| PB 0x00000000e4100000| Untracked 
|  66|0x00000000e4200000, 0x00000000e4200000, 0x00000000e4300000|  0%| F|  |TAMS 0x00000000e4200000| PB 0x00000000e4200000| Untracked 
|  67|0x00000000e4300000, 0x00000000e4300000, 0x00000000e4400000|  0%| F|  |TAMS 0x00000000e4300000| PB 0x00000000e4300000| Untracked 
|  68|0x00000000e4400000, 0x00000000e4400000, 0x00000000e4500000|  0%| F|  |TAMS 0x00000000e4400000| PB 0x00000000e4400000| Untracked 
|  69|0x00000000e4500000, 0x00000000e4500000, 0x00000000e4600000|  0%| F|  |TAMS 0x00000000e4500000| PB 0x00000000e4500000| Untracked 
|  70|0x00000000e4600000, 0x00000000e4600000, 0x00000000e4700000|  0%| F|  |TAMS 0x00000000e4600000| PB 0x00000000e4600000| Untracked 
|  71|0x00000000e4700000, 0x00000000e4700000, 0x00000000e4800000|  0%| F|  |TAMS 0x00000000e4700000| PB 0x00000000e4700000| Untracked 
|  72|0x00000000e4800000, 0x00000000e4800000, 0x00000000e4900000|  0%| F|  |TAMS 0x00000000e4800000| PB 0x00000000e4800000| Untracked 
|  73|0x00000000e4900000, 0x00000000e4900000, 0x00000000e4a00000|  0%| F|  |TAMS 0x00000000e4900000| PB 0x00000000e4900000| Untracked 
|  74|0x00000000e4a00000, 0x00000000e4a00000, 0x00000000e4b00000|  0%| F|  |TAMS 0x00000000e4a00000| PB 0x00000000e4a00000| Untracked 
|  75|0x00000000e4b00000, 0x00000000e4b00000, 0x00000000e4c00000|  0%| F|  |TAMS 0x00000000e4b00000| PB 0x00000000e4b00000| Untracked 
|  76|0x00000000e4c00000, 0x00000000e4c00000, 0x00000000e4d00000|  0%| F|  |TAMS 0x00000000e4c00000| PB 0x00000000e4c00000| Untracked 
|  77|0x00000000e4d00000, 0x00000000e4d00000, 0x00000000e4e00000|  0%| F|  |TAMS 0x00000000e4d00000| PB 0x00000000e4d00000| Untracked 
|  78|0x00000000e4e00000, 0x00000000e4e00000, 0x00000000e4f00000|  0%| F|  |TAMS 0x00000000e4e00000| PB 0x00000000e4e00000| Untracked 
|  79|0x00000000e4f00000, 0x00000000e4f00000, 0x00000000e5000000|  0%| F|  |TAMS 0x00000000e4f00000| PB 0x00000000e4f00000| Untracked 
|  80|0x00000000e5000000, 0x00000000e5000000, 0x00000000e5100000|  0%| F|  |TAMS 0x00000000e5000000| PB 0x00000000e5000000| Untracked 
|  81|0x00000000e5100000, 0x00000000e5100000, 0x00000000e5200000|  0%| F|  |TAMS 0x00000000e5100000| PB 0x00000000e5100000| Untracked 
|  82|0x00000000e5200000, 0x00000000e5200000, 0x00000000e5300000|  0%| F|  |TAMS 0x00000000e5200000| PB 0x00000000e5200000| Untracked 
|  83|0x00000000e5300000, 0x00000000e5300000, 0x00000000e5400000|  0%| F|  |TAMS 0x00000000e5300000| PB 0x00000000e5300000| Untracked 
|  84|0x00000000e5400000, 0x00000000e5400000, 0x00000000e5500000|  0%| F|  |TAMS 0x00000000e5400000| PB 0x00000000e5400000| Untracked 
|  85|0x00000000e5500000, 0x00000000e5500000, 0x00000000e5600000|  0%| F|  |TAMS 0x00000000e5500000| PB 0x00000000e5500000| Untracked 
|  86|0x00000000e5600000, 0x00000000e5600000, 0x00000000e5700000|  0%| F|  |TAMS 0x00000000e5600000| PB 0x00000000e5600000| Untracked 
|  87|0x00000000e5700000, 0x00000000e5700000, 0x00000000e5800000|  0%| F|  |TAMS 0x00000000e5700000| PB 0x00000000e5700000| Untracked 
|  88|0x00000000e5800000, 0x00000000e5800000, 0x00000000e5900000|  0%| F|  |TAMS 0x00000000e5800000| PB 0x00000000e5800000| Untracked 
|  89|0x00000000e5900000, 0x00000000e5900000, 0x00000000e5a00000|  0%| F|  |TAMS 0x00000000e5900000| PB 0x00000000e5900000| Untracked 
|  90|0x00000000e5a00000, 0x00000000e5a00000, 0x00000000e5b00000|  0%| F|  |TAMS 0x00000000e5a00000| PB 0x00000000e5a00000| Untracked 
|  91|0x00000000e5b00000, 0x00000000e5b00000, 0x00000000e5c00000|  0%| F|  |TAMS 0x00000000e5b00000| PB 0x00000000e5b00000| Untracked 
|  92|0x00000000e5c00000, 0x00000000e5c00000, 0x00000000e5d00000|  0%| F|  |TAMS 0x00000000e5c00000| PB 0x00000000e5c00000| Untracked 
|  93|0x00000000e5d00000, 0x00000000e5d00000, 0x00000000e5e00000|  0%| F|  |TAMS 0x00000000e5d00000| PB 0x00000000e5d00000| Untracked 
|  94|0x00000000e5e00000, 0x00000000e5e00000, 0x00000000e5f00000|  0%| F|  |TAMS 0x00000000e5e00000| PB 0x00000000e5e00000| Untracked 
|  95|0x00000000e5f00000, 0x00000000e5f00000, 0x00000000e6000000|  0%| F|  |TAMS 0x00000000e5f00000| PB 0x00000000e5f00000| Untracked 
|  96|0x00000000e6000000, 0x00000000e6000000, 0x00000000e6100000|  0%| F|  |TAMS 0x00000000e6000000| PB 0x00000000e6000000| Untracked 
|  97|0x00000000e6100000, 0x00000000e6100000, 0x00000000e6200000|  0%| F|  |TAMS 0x00000000e6100000| PB 0x00000000e6100000| Untracked 
|  98|0x00000000e6200000, 0x00000000e6200000, 0x00000000e6300000|  0%| F|  |TAMS 0x00000000e6200000| PB 0x00000000e6200000| Untracked 
|  99|0x00000000e6300000, 0x00000000e6300000, 0x00000000e6400000|  0%| F|  |TAMS 0x00000000e6300000| PB 0x00000000e6300000| Untracked 
| 100|0x00000000e6400000, 0x00000000e6400000, 0x00000000e6500000|  0%| F|  |TAMS 0x00000000e6400000| PB 0x00000000e6400000| Untracked 
| 101|0x00000000e6500000, 0x00000000e6500000, 0x00000000e6600000|  0%| F|  |TAMS 0x00000000e6500000| PB 0x00000000e6500000| Untracked 
| 102|0x00000000e6600000, 0x00000000e6600000, 0x00000000e6700000|  0%| F|  |TAMS 0x00000000e6600000| PB 0x00000000e6600000| Untracked 
| 103|0x00000000e6700000, 0x00000000e6700000, 0x00000000e6800000|  0%| F|  |TAMS 0x00000000e6700000| PB 0x00000000e6700000| Untracked 
| 104|0x00000000e6800000, 0x00000000e6800000, 0x00000000e6900000|  0%| F|  |TAMS 0x00000000e6800000| PB 0x00000000e6800000| Untracked 
| 105|0x00000000e6900000, 0x00000000e6900000, 0x00000000e6a00000|  0%| F|  |TAMS 0x00000000e6900000| PB 0x00000000e6900000| Untracked 
| 106|0x00000000e6a00000, 0x00000000e6a00000, 0x00000000e6b00000|  0%| F|  |TAMS 0x00000000e6a00000| PB 0x00000000e6a00000| Untracked 
| 107|0x00000000e6b00000, 0x00000000e6b00000, 0x00000000e6c00000|  0%| F|  |TAMS 0x00000000e6b00000| PB 0x00000000e6b00000| Untracked 
| 108|0x00000000e6c00000, 0x00000000e6c00000, 0x00000000e6d00000|  0%| F|  |TAMS 0x00000000e6c00000| PB 0x00000000e6c00000| Untracked 
| 109|0x00000000e6d00000, 0x00000000e6d00000, 0x00000000e6e00000|  0%| F|  |TAMS 0x00000000e6d00000| PB 0x00000000e6d00000| Untracked 
| 110|0x00000000e6e00000, 0x00000000e6e00000, 0x00000000e6f00000|  0%| F|  |TAMS 0x00000000e6e00000| PB 0x00000000e6e00000| Untracked 
| 111|0x00000000e6f00000, 0x00000000e6f00000, 0x00000000e7000000|  0%| F|  |TAMS 0x00000000e6f00000| PB 0x00000000e6f00000| Untracked 
| 112|0x00000000e7000000, 0x00000000e7000000, 0x00000000e7100000|  0%| F|  |TAMS 0x00000000e7000000| PB 0x00000000e7000000| Untracked 
| 113|0x00000000e7100000, 0x00000000e7100000, 0x00000000e7200000|  0%| F|  |TAMS 0x00000000e7100000| PB 0x00000000e7100000| Untracked 
| 114|0x00000000e7200000, 0x00000000e7200000, 0x00000000e7300000|  0%| F|  |TAMS 0x00000000e7200000| PB 0x00000000e7200000| Untracked 
| 115|0x00000000e7300000, 0x00000000e7300000, 0x00000000e7400000|  0%| F|  |TAMS 0x00000000e7300000| PB 0x00000000e7300000| Untracked 
| 116|0x00000000e7400000, 0x00000000e7400000, 0x00000000e7500000|  0%| F|  |TAMS 0x00000000e7400000| PB 0x00000000e7400000| Untracked 
| 117|0x00000000e7500000, 0x00000000e7500000, 0x00000000e7600000|  0%| F|  |TAMS 0x00000000e7500000| PB 0x00000000e7500000| Untracked 
| 118|0x00000000e7600000, 0x00000000e7600000, 0x00000000e7700000|  0%| F|  |TAMS 0x00000000e7600000| PB 0x00000000e7600000| Untracked 
| 119|0x00000000e7700000, 0x00000000e7700000, 0x00000000e7800000|  0%| F|  |TAMS 0x00000000e7700000| PB 0x00000000e7700000| Untracked 
| 120|0x00000000e7800000, 0x00000000e7800000, 0x00000000e7900000|  0%| F|  |TAMS 0x00000000e7800000| PB 0x00000000e7800000| Untracked 
| 121|0x00000000e7900000, 0x00000000e7900000, 0x00000000e7a00000|  0%| F|  |TAMS 0x00000000e7900000| PB 0x00000000e7900000| Untracked 
| 122|0x00000000e7a00000, 0x00000000e7a00000, 0x00000000e7b00000|  0%| F|  |TAMS 0x00000000e7a00000| PB 0x00000000e7a00000| Untracked 
| 123|0x00000000e7b00000, 0x00000000e7b00000, 0x00000000e7c00000|  0%| F|  |TAMS 0x00000000e7b00000| PB 0x00000000e7b00000| Untracked 
| 124|0x00000000e7c00000, 0x00000000e7c00000, 0x00000000e7d00000|  0%| F|  |TAMS 0x00000000e7c00000| PB 0x00000000e7c00000| Untracked 
| 125|0x00000000e7d00000, 0x00000000e7d00000, 0x00000000e7e00000|  0%| F|  |TAMS 0x00000000e7d00000| PB 0x00000000e7d00000| Untracked 
| 126|0x00000000e7e00000, 0x00000000e7e00000, 0x00000000e7f00000|  0%| F|  |TAMS 0x00000000e7e00000| PB 0x00000000e7e00000| Untracked 
| 127|0x00000000e7f00000, 0x00000000e7f00000, 0x00000000e8000000|  0%| F|  |TAMS 0x00000000e7f00000| PB 0x00000000e7f00000| Untracked 
| 128|0x00000000e8000000, 0x00000000e8000000, 0x00000000e8100000|  0%| F|  |TAMS 0x00000000e8000000| PB 0x00000000e8000000| Untracked 
| 129|0x00000000e8100000, 0x00000000e8100000, 0x00000000e8200000|  0%| F|  |TAMS 0x00000000e8100000| PB 0x00000000e8100000| Untracked 
| 130|0x00000000e8200000, 0x00000000e8200000, 0x00000000e8300000|  0%| F|  |TAMS 0x00000000e8200000| PB 0x00000000e8200000| Untracked 
| 131|0x00000000e8300000, 0x00000000e8300000, 0x00000000e8400000|  0%| F|  |TAMS 0x00000000e8300000| PB 0x00000000e8300000| Untracked 
| 132|0x00000000e8400000, 0x00000000e8400000, 0x00000000e8500000|  0%| F|  |TAMS 0x00000000e8400000| PB 0x00000000e8400000| Untracked 
| 133|0x00000000e8500000, 0x00000000e8500000, 0x00000000e8600000|  0%| F|  |TAMS 0x00000000e8500000| PB 0x00000000e8500000| Untracked 
| 134|0x00000000e8600000, 0x00000000e8600000, 0x00000000e8700000|  0%| F|  |TAMS 0x00000000e8600000| PB 0x00000000e8600000| Untracked 
| 135|0x00000000e8700000, 0x00000000e8700000, 0x00000000e8800000|  0%| F|  |TAMS 0x00000000e8700000| PB 0x00000000e8700000| Untracked 
| 136|0x00000000e8800000, 0x00000000e8800000, 0x00000000e8900000|  0%| F|  |TAMS 0x00000000e8800000| PB 0x00000000e8800000| Untracked 
| 137|0x00000000e8900000, 0x00000000e8900000, 0x00000000e8a00000|  0%| F|  |TAMS 0x00000000e8900000| PB 0x00000000e8900000| Untracked 
| 138|0x00000000e8a00000, 0x00000000e8a00000, 0x00000000e8b00000|  0%| F|  |TAMS 0x00000000e8a00000| PB 0x00000000e8a00000| Untracked 
| 139|0x00000000e8b00000, 0x00000000e8b00000, 0x00000000e8c00000|  0%| F|  |TAMS 0x00000000e8b00000| PB 0x00000000e8b00000| Untracked 
| 140|0x00000000e8c00000, 0x00000000e8c00000, 0x00000000e8d00000|  0%| F|  |TAMS 0x00000000e8c00000| PB 0x00000000e8c00000| Untracked 
| 141|0x00000000e8d00000, 0x00000000e8d00000, 0x00000000e8e00000|  0%| F|  |TAMS 0x00000000e8d00000| PB 0x00000000e8d00000| Untracked 
| 142|0x00000000e8e00000, 0x00000000e8e80000, 0x00000000e8f00000| 50%| E|  |TAMS 0x00000000e8e00000| PB 0x00000000e8e00000| Complete 
| 143|0x00000000e8f00000, 0x00000000e9000000, 0x00000000e9000000|100%| E|CS|TAMS 0x00000000e8f00000| PB 0x00000000e8f00000| Complete 
| 144|0x00000000e9000000, 0x00000000e9100000, 0x00000000e9100000|100%| E|CS|TAMS 0x00000000e9000000| PB 0x00000000e9000000| Complete 
| 145|0x00000000e9100000, 0x00000000e9200000, 0x00000000e9200000|100%| E|CS|TAMS 0x00000000e9100000| PB 0x00000000e9100000| Complete 
| 146|0x00000000e9200000, 0x00000000e9300000, 0x00000000e9300000|100%| E|CS|TAMS 0x00000000e9200000| PB 0x00000000e9200000| Complete 
| 147|0x00000000e9300000, 0x00000000e9400000, 0x00000000e9400000|100%| E|CS|TAMS 0x00000000e9300000| PB 0x00000000e9300000| Complete 
| 148|0x00000000e9400000, 0x00000000e9500000, 0x00000000e9500000|100%| E|CS|TAMS 0x00000000e9400000| PB 0x00000000e9400000| Complete 
| 149|0x00000000e9500000, 0x00000000e9600000, 0x00000000e9600000|100%| E|CS|TAMS 0x00000000e9500000| PB 0x00000000e9500000| Complete 
| 150|0x00000000e9600000, 0x00000000e9700000, 0x00000000e9700000|100%| E|CS|TAMS 0x00000000e9600000| PB 0x00000000e9600000| Complete 
| 151|0x00000000e9700000, 0x00000000e9800000, 0x00000000e9800000|100%| E|CS|TAMS 0x00000000e9700000| PB 0x00000000e9700000| Complete 
| 152|0x00000000e9800000, 0x00000000e9900000, 0x00000000e9900000|100%| E|CS|TAMS 0x00000000e9800000| PB 0x00000000e9800000| Complete 
| 153|0x00000000e9900000, 0x00000000e9a00000, 0x00000000e9a00000|100%| E|CS|TAMS 0x00000000e9900000| PB 0x00000000e9900000| Complete 
| 154|0x00000000e9a00000, 0x00000000e9b00000, 0x00000000e9b00000|100%| E|CS|TAMS 0x00000000e9a00000| PB 0x00000000e9a00000| Complete 
| 155|0x00000000e9b00000, 0x00000000e9c00000, 0x00000000e9c00000|100%| E|CS|TAMS 0x00000000e9b00000| PB 0x00000000e9b00000| Complete 
| 156|0x00000000e9c00000, 0x00000000e9d00000, 0x00000000e9d00000|100%| E|CS|TAMS 0x00000000e9c00000| PB 0x00000000e9c00000| Complete 
| 157|0x00000000e9d00000, 0x00000000e9e00000, 0x00000000e9e00000|100%| E|CS|TAMS 0x00000000e9d00000| PB 0x00000000e9d00000| Complete 
| 158|0x00000000e9e00000, 0x00000000e9f00000, 0x00000000e9f00000|100%| E|CS|TAMS 0x00000000e9e00000| PB 0x00000000e9e00000| Complete 
| 159|0x00000000e9f00000, 0x00000000ea000000, 0x00000000ea000000|100%| E|CS|TAMS 0x00000000e9f00000| PB 0x00000000e9f00000| Complete 
| 160|0x00000000ea000000, 0x00000000ea100000, 0x00000000ea100000|100%| E|CS|TAMS 0x00000000ea000000| PB 0x00000000ea000000| Complete 
| 161|0x00000000ea100000, 0x00000000ea200000, 0x00000000ea200000|100%| E|CS|TAMS 0x00000000ea100000| PB 0x00000000ea100000| Complete 
| 162|0x00000000ea200000, 0x00000000ea300000, 0x00000000ea300000|100%| E|CS|TAMS 0x00000000ea200000| PB 0x00000000ea200000| Complete 
| 163|0x00000000ea300000, 0x00000000ea400000, 0x00000000ea400000|100%| E|CS|TAMS 0x00000000ea300000| PB 0x00000000ea300000| Complete 
| 164|0x00000000ea400000, 0x00000000ea500000, 0x00000000ea500000|100%| E|CS|TAMS 0x00000000ea400000| PB 0x00000000ea400000| Complete 
| 165|0x00000000ea500000, 0x00000000ea600000, 0x00000000ea600000|100%| E|CS|TAMS 0x00000000ea500000| PB 0x00000000ea500000| Complete 
| 166|0x00000000ea600000, 0x00000000ea700000, 0x00000000ea700000|100%| E|CS|TAMS 0x00000000ea600000| PB 0x00000000ea600000| Complete 
| 167|0x00000000ea700000, 0x00000000ea800000, 0x00000000ea800000|100%| E|CS|TAMS 0x00000000ea700000| PB 0x00000000ea700000| Complete 
| 168|0x00000000ea800000, 0x00000000ea900000, 0x00000000ea900000|100%| E|CS|TAMS 0x00000000ea800000| PB 0x00000000ea800000| Complete 
| 169|0x00000000ea900000, 0x00000000eaa00000, 0x00000000eaa00000|100%| E|CS|TAMS 0x00000000ea900000| PB 0x00000000ea900000| Complete 
| 170|0x00000000eaa00000, 0x00000000eab00000, 0x00000000eab00000|100%| E|CS|TAMS 0x00000000eaa00000| PB 0x00000000eaa00000| Complete 
| 171|0x00000000eab00000, 0x00000000eac00000, 0x00000000eac00000|100%| E|CS|TAMS 0x00000000eab00000| PB 0x00000000eab00000| Complete 
| 172|0x00000000eac00000, 0x00000000ead00000, 0x00000000ead00000|100%| E|CS|TAMS 0x00000000eac00000| PB 0x00000000eac00000| Complete 
| 173|0x00000000ead00000, 0x00000000eae00000, 0x00000000eae00000|100%| E|CS|TAMS 0x00000000ead00000| PB 0x00000000ead00000| Complete 
| 174|0x00000000eae00000, 0x00000000eaf00000, 0x00000000eaf00000|100%| E|CS|TAMS 0x00000000eae00000| PB 0x00000000eae00000| Complete 
| 175|0x00000000eaf00000, 0x00000000eb000000, 0x00000000eb000000|100%| E|CS|TAMS 0x00000000eaf00000| PB 0x00000000eaf00000| Complete 
| 176|0x00000000eb000000, 0x00000000eb100000, 0x00000000eb100000|100%| E|CS|TAMS 0x00000000eb000000| PB 0x00000000eb000000| Complete 
| 177|0x00000000eb100000, 0x00000000eb200000, 0x00000000eb200000|100%| E|CS|TAMS 0x00000000eb100000| PB 0x00000000eb100000| Complete 
| 178|0x00000000eb200000, 0x00000000eb300000, 0x00000000eb300000|100%| E|CS|TAMS 0x00000000eb200000| PB 0x00000000eb200000| Complete 
| 179|0x00000000eb300000, 0x00000000eb400000, 0x00000000eb400000|100%| E|CS|TAMS 0x00000000eb300000| PB 0x00000000eb300000| Complete 
| 180|0x00000000eb400000, 0x00000000eb500000, 0x00000000eb500000|100%| E|CS|TAMS 0x00000000eb400000| PB 0x00000000eb400000| Complete 
| 181|0x00000000eb500000, 0x00000000eb600000, 0x00000000eb600000|100%| E|CS|TAMS 0x00000000eb500000| PB 0x00000000eb500000| Complete 
| 182|0x00000000eb600000, 0x00000000eb700000, 0x00000000eb700000|100%| E|CS|TAMS 0x00000000eb600000| PB 0x00000000eb600000| Complete 
| 183|0x00000000eb700000, 0x00000000eb800000, 0x00000000eb800000|100%| E|CS|TAMS 0x00000000eb700000| PB 0x00000000eb700000| Complete 
| 184|0x00000000eb800000, 0x00000000eb900000, 0x00000000eb900000|100%| E|CS|TAMS 0x00000000eb800000| PB 0x00000000eb800000| Complete 
| 185|0x00000000eb900000, 0x00000000eba00000, 0x00000000eba00000|100%| E|CS|TAMS 0x00000000eb900000| PB 0x00000000eb900000| Complete 
| 186|0x00000000eba00000, 0x00000000ebb00000, 0x00000000ebb00000|100%| E|CS|TAMS 0x00000000eba00000| PB 0x00000000eba00000| Complete 
| 187|0x00000000ebb00000, 0x00000000ebc00000, 0x00000000ebc00000|100%| E|CS|TAMS 0x00000000ebb00000| PB 0x00000000ebb00000| Complete 
| 188|0x00000000ebc00000, 0x00000000ebd00000, 0x00000000ebd00000|100%| E|CS|TAMS 0x00000000ebc00000| PB 0x00000000ebc00000| Complete 
| 189|0x00000000ebd00000, 0x00000000ebe00000, 0x00000000ebe00000|100%| E|CS|TAMS 0x00000000ebd00000| PB 0x00000000ebd00000| Complete 
| 190|0x00000000ebe00000, 0x00000000ebf00000, 0x00000000ebf00000|100%| E|CS|TAMS 0x00000000ebe00000| PB 0x00000000ebe00000| Complete 
| 191|0x00000000ebf00000, 0x00000000ec000000, 0x00000000ec000000|100%| E|CS|TAMS 0x00000000ebf00000| PB 0x00000000ebf00000| Complete 
| 192|0x00000000ec000000, 0x00000000ec100000, 0x00000000ec100000|100%| E|CS|TAMS 0x00000000ec000000| PB 0x00000000ec000000| Complete 
| 193|0x00000000ec100000, 0x00000000ec200000, 0x00000000ec200000|100%| E|CS|TAMS 0x00000000ec100000| PB 0x00000000ec100000| Complete 
| 194|0x00000000ec200000, 0x00000000ec300000, 0x00000000ec300000|100%| E|CS|TAMS 0x00000000ec200000| PB 0x00000000ec200000| Complete 
| 195|0x00000000ec300000, 0x00000000ec400000, 0x00000000ec400000|100%| E|CS|TAMS 0x00000000ec300000| PB 0x00000000ec300000| Complete 
| 196|0x00000000ec400000, 0x00000000ec500000, 0x00000000ec500000|100%| E|CS|TAMS 0x00000000ec400000| PB 0x00000000ec400000| Complete 
| 197|0x00000000ec500000, 0x00000000ec600000, 0x00000000ec600000|100%| E|CS|TAMS 0x00000000ec500000| PB 0x00000000ec500000| Complete 
| 198|0x00000000ec600000, 0x00000000ec700000, 0x00000000ec700000|100%| E|CS|TAMS 0x00000000ec600000| PB 0x00000000ec600000| Complete 
| 199|0x00000000ec700000, 0x00000000ec800000, 0x00000000ec800000|100%| E|CS|TAMS 0x00000000ec700000| PB 0x00000000ec700000| Complete 
| 200|0x00000000ec800000, 0x00000000ec900000, 0x00000000ec900000|100%| E|CS|TAMS 0x00000000ec800000| PB 0x00000000ec800000| Complete 
| 201|0x00000000ec900000, 0x00000000eca00000, 0x00000000eca00000|100%| E|CS|TAMS 0x00000000ec900000| PB 0x00000000ec900000| Complete 
| 202|0x00000000eca00000, 0x00000000ecb00000, 0x00000000ecb00000|100%| E|CS|TAMS 0x00000000eca00000| PB 0x00000000eca00000| Complete 
| 203|0x00000000ecb00000, 0x00000000ecc00000, 0x00000000ecc00000|100%| E|CS|TAMS 0x00000000ecb00000| PB 0x00000000ecb00000| Complete 
| 204|0x00000000ecc00000, 0x00000000ecd00000, 0x00000000ecd00000|100%| E|CS|TAMS 0x00000000ecc00000| PB 0x00000000ecc00000| Complete 
| 205|0x00000000ecd00000, 0x00000000ece00000, 0x00000000ece00000|100%| E|CS|TAMS 0x00000000ecd00000| PB 0x00000000ecd00000| Complete 
| 206|0x00000000ece00000, 0x00000000ecf00000, 0x00000000ecf00000|100%| E|CS|TAMS 0x00000000ece00000| PB 0x00000000ece00000| Complete 
| 207|0x00000000ecf00000, 0x00000000ed000000, 0x00000000ed000000|100%| E|CS|TAMS 0x00000000ecf00000| PB 0x00000000ecf00000| Complete 
| 208|0x00000000ed000000, 0x00000000ed100000, 0x00000000ed100000|100%| E|CS|TAMS 0x00000000ed000000| PB 0x00000000ed000000| Complete 
| 209|0x00000000ed100000, 0x00000000ed200000, 0x00000000ed200000|100%| E|CS|TAMS 0x00000000ed100000| PB 0x00000000ed100000| Complete 
| 210|0x00000000ed200000, 0x00000000ed300000, 0x00000000ed300000|100%| E|CS|TAMS 0x00000000ed200000| PB 0x00000000ed200000| Complete 
| 211|0x00000000ed300000, 0x00000000ed400000, 0x00000000ed400000|100%| E|CS|TAMS 0x00000000ed300000| PB 0x00000000ed300000| Complete 
| 212|0x00000000ed400000, 0x00000000ed500000, 0x00000000ed500000|100%| E|CS|TAMS 0x00000000ed400000| PB 0x00000000ed400000| Complete 
| 213|0x00000000ed500000, 0x00000000ed600000, 0x00000000ed600000|100%| S|CS|TAMS 0x00000000ed500000| PB 0x00000000ed500000| Complete 
| 214|0x00000000ed600000, 0x00000000ed700000, 0x00000000ed700000|100%| S|CS|TAMS 0x00000000ed600000| PB 0x00000000ed600000| Complete 
| 215|0x00000000ed700000, 0x00000000ed800000, 0x00000000ed800000|100%| S|CS|TAMS 0x00000000ed700000| PB 0x00000000ed700000| Complete 
| 216|0x00000000ed800000, 0x00000000ed900000, 0x00000000ed900000|100%| S|CS|TAMS 0x00000000ed800000| PB 0x00000000ed800000| Complete 
| 217|0x00000000ed900000, 0x00000000eda00000, 0x00000000eda00000|100%| S|CS|TAMS 0x00000000ed900000| PB 0x00000000ed900000| Complete 
| 218|0x00000000eda00000, 0x00000000edb00000, 0x00000000edb00000|100%| E|CS|TAMS 0x00000000eda00000| PB 0x00000000eda00000| Complete 
| 219|0x00000000edb00000, 0x00000000edc00000, 0x00000000edc00000|100%| E|CS|TAMS 0x00000000edb00000| PB 0x00000000edb00000| Complete 
| 220|0x00000000edc00000, 0x00000000edd00000, 0x00000000edd00000|100%| E|CS|TAMS 0x00000000edc00000| PB 0x00000000edc00000| Complete 
| 221|0x00000000edd00000, 0x00000000eddffe18, 0x00000000ede00000| 99%| E|  |TAMS 0x00000000edd00000| PB 0x00000000edd00000| Complete 
| 222|0x00000000ede00000, 0x00000000edf00000, 0x00000000edf00000|100%| E|CS|TAMS 0x00000000ede00000| PB 0x00000000ede00000| Complete 
| 223|0x00000000edf00000, 0x00000000ee000000, 0x00000000ee000000|100%| E|CS|TAMS 0x00000000edf00000| PB 0x00000000edf00000| Complete 
| 224|0x00000000ee000000, 0x00000000ee100000, 0x00000000ee100000|100%| E|CS|TAMS 0x00000000ee000000| PB 0x00000000ee000000| Complete 
| 225|0x00000000ee100000, 0x00000000ee200000, 0x00000000ee200000|100%| E|CS|TAMS 0x00000000ee100000| PB 0x00000000ee100000| Complete 
| 226|0x00000000ee200000, 0x00000000ee300000, 0x00000000ee300000|100%| E|CS|TAMS 0x00000000ee200000| PB 0x00000000ee200000| Complete 
| 227|0x00000000ee300000, 0x00000000ee400000, 0x00000000ee400000|100%| E|CS|TAMS 0x00000000ee300000| PB 0x00000000ee300000| Complete 
| 228|0x00000000ee400000, 0x00000000ee500000, 0x00000000ee500000|100%| E|CS|TAMS 0x00000000ee400000| PB 0x00000000ee400000| Complete 
| 229|0x00000000ee500000, 0x00000000ee600000, 0x00000000ee600000|100%| E|CS|TAMS 0x00000000ee500000| PB 0x00000000ee500000| Complete 
| 230|0x00000000ee600000, 0x00000000ee700000, 0x00000000ee700000|100%| E|CS|TAMS 0x00000000ee600000| PB 0x00000000ee600000| Complete 
| 231|0x00000000ee700000, 0x00000000ee800000, 0x00000000ee800000|100%| E|CS|TAMS 0x00000000ee700000| PB 0x00000000ee700000| Complete 
| 232|0x00000000ee800000, 0x00000000ee900000, 0x00000000ee900000|100%| E|CS|TAMS 0x00000000ee800000| PB 0x00000000ee800000| Complete 
| 233|0x00000000ee900000, 0x00000000eea00000, 0x00000000eea00000|100%| E|CS|TAMS 0x00000000ee900000| PB 0x00000000ee900000| Complete 
| 234|0x00000000eea00000, 0x00000000eeb00000, 0x00000000eeb00000|100%| E|CS|TAMS 0x00000000eea00000| PB 0x00000000eea00000| Complete 
| 235|0x00000000eeb00000, 0x00000000eec00000, 0x00000000eec00000|100%| E|CS|TAMS 0x00000000eeb00000| PB 0x00000000eeb00000| Complete 
| 236|0x00000000eec00000, 0x00000000eed00000, 0x00000000eed00000|100%| E|CS|TAMS 0x00000000eec00000| PB 0x00000000eec00000| Complete 
| 237|0x00000000eed00000, 0x00000000eee00000, 0x00000000eee00000|100%| E|CS|TAMS 0x00000000eed00000| PB 0x00000000eed00000| Complete 
| 238|0x00000000eee00000, 0x00000000eef00000, 0x00000000eef00000|100%| E|CS|TAMS 0x00000000eee00000| PB 0x00000000eee00000| Complete 
| 239|0x00000000eef00000, 0x00000000ef000000, 0x00000000ef000000|100%| E|CS|TAMS 0x00000000eef00000| PB 0x00000000eef00000| Complete 
| 240|0x00000000ef000000, 0x00000000ef100000, 0x00000000ef100000|100%| E|CS|TAMS 0x00000000ef000000| PB 0x00000000ef000000| Complete 
| 241|0x00000000ef100000, 0x00000000ef200000, 0x00000000ef200000|100%| E|CS|TAMS 0x00000000ef100000| PB 0x00000000ef100000| Complete 
| 242|0x00000000ef200000, 0x00000000ef300000, 0x00000000ef300000|100%| E|CS|TAMS 0x00000000ef200000| PB 0x00000000ef200000| Complete 
| 243|0x00000000ef300000, 0x00000000ef400000, 0x00000000ef400000|100%| E|CS|TAMS 0x00000000ef300000| PB 0x00000000ef300000| Complete 
| 244|0x00000000ef400000, 0x00000000ef500000, 0x00000000ef500000|100%| E|CS|TAMS 0x00000000ef400000| PB 0x00000000ef400000| Complete 
| 245|0x00000000ef500000, 0x00000000ef600000, 0x00000000ef600000|100%| E|CS|TAMS 0x00000000ef500000| PB 0x00000000ef500000| Complete 
| 246|0x00000000ef600000, 0x00000000ef700000, 0x00000000ef700000|100%| E|CS|TAMS 0x00000000ef600000| PB 0x00000000ef600000| Complete 
| 247|0x00000000ef700000, 0x00000000ef800000, 0x00000000ef800000|100%| E|CS|TAMS 0x00000000ef700000| PB 0x00000000ef700000| Complete 
| 248|0x00000000ef800000, 0x00000000ef900000, 0x00000000ef900000|100%| E|CS|TAMS 0x00000000ef800000| PB 0x00000000ef800000| Complete 
| 249|0x00000000ef900000, 0x00000000efa00000, 0x00000000efa00000|100%| E|CS|TAMS 0x00000000ef900000| PB 0x00000000ef900000| Complete 
| 250|0x00000000efa00000, 0x00000000efb00000, 0x00000000efb00000|100%| E|CS|TAMS 0x00000000efa00000| PB 0x00000000efa00000| Complete 
| 251|0x00000000efb00000, 0x00000000efc00000, 0x00000000efc00000|100%| E|CS|TAMS 0x00000000efb00000| PB 0x00000000efb00000| Complete 
| 252|0x00000000efc00000, 0x00000000efd00000, 0x00000000efd00000|100%| E|CS|TAMS 0x00000000efc00000| PB 0x00000000efc00000| Complete 
| 253|0x00000000efd00000, 0x00000000efe00000, 0x00000000efe00000|100%| E|CS|TAMS 0x00000000efd00000| PB 0x00000000efd00000| Complete 
| 254|0x00000000efe00000, 0x00000000eff00000, 0x00000000eff00000|100%| E|CS|TAMS 0x00000000efe00000| PB 0x00000000efe00000| Complete 
| 255|0x00000000eff00000, 0x00000000f0000000, 0x00000000f0000000|100%| E|CS|TAMS 0x00000000eff00000| PB 0x00000000eff00000| Complete 

Card table byte_map: [0x000001fdbacf0000,0x000001fdbadf0000] _byte_map_base: 0x000001fdba5f0000

Marking Bits: (CMBitMap*) 0x000001fda15278e0
 Bits: [0x000001fdbadf0000, 0x000001fdbb5f0000)

Polling page: 0x000001fda15c0000

Metaspace:

Usage:
  Non-class:     14.26 MB used.
      Class:      2.21 MB used.
       Both:     16.48 MB used.

Virtual space:
  Non-class space:       64.00 MB reserved,      14.50 MB ( 23%) committed,  1 nodes.
      Class space:      320.00 MB reserved,       2.44 MB ( <1%) committed,  1 nodes.
             Both:      384.00 MB reserved,      16.94 MB (  4%) committed. 

Chunk freelists:
   Non-Class:  784.00 KB
       Class:  13.60 MB
        Both:  14.36 MB

MaxMetaspaceSize: 384.00 MB
CompressedClassSpaceSize: 320.00 MB
Initial GC threshold: 21.00 MB
Current GC threshold: 21.00 MB
CDS: on
 - commit_granule_bytes: 65536.
 - commit_granule_words: 8192.
 - virtual_space_node_default_size: 8388608.
 - enlarge_chunks_in_place: 1.
 - use_allocation_guard: 0.


Internal statistics:

num_allocs_failed_limit: 0.
num_arena_births: 606.
num_arena_deaths: 0.
num_vsnodes_births: 2.
num_vsnodes_deaths: 0.
num_space_committed: 271.
num_space_uncommitted: 0.
num_chunks_returned_to_freelist: 0.
num_chunks_taken_from_freelist: 1198.
num_chunk_merges: 0.
num_chunk_splits: 775.
num_chunks_enlarged: 533.
num_inconsistent_stats: 0.

CodeHeap 'non-profiled nmethods': size=120000Kb used=1288Kb max_used=1288Kb free=118711Kb
 bounds [0x000001fdb2c60000, 0x000001fdb2ed0000, 0x000001fdba190000]
CodeHeap 'profiled nmethods': size=120000Kb used=5396Kb max_used=5396Kb free=114603Kb
 bounds [0x000001fdab190000, 0x000001fdab6e0000, 0x000001fdb26c0000]
CodeHeap 'non-nmethods': size=5760Kb used=1471Kb max_used=1486Kb free=4288Kb
 bounds [0x000001fdb26c0000, 0x000001fdb2930000, 0x000001fdb2c60000]
 total_blobs=3307 nmethods=2750 adapters=461
 compilation: enabled
              stopped_count=0, restarted_count=0
 full_count=0

Compilation events (20 events):
Event: 6.335 Thread 0x000001fdbe216fb0 2746       3       sun.security.provider.MD5::HH (23 bytes)
Event: 6.335 Thread 0x000001fdbe216fb0 nmethod 2746 0x000001fdab6ce790 code [0x000001fdab6ce940, 0x000001fdab6ceab8]
Event: 6.335 Thread 0x000001fdbe216fb0 2745       3       sun.security.provider.MD5::GG (27 bytes)
Event: 6.336 Thread 0x000001fdbe216fb0 nmethod 2745 0x000001fdab6ceb90 code [0x000001fdab6ced40, 0x000001fdab6ceeb8]
Event: 6.336 Thread 0x000001fdbe216fb0 2747       3       sun.security.provider.MD5::II (25 bytes)
Event: 6.336 Thread 0x000001fdbe216fb0 nmethod 2747 0x000001fdab6cef90 code [0x000001fdab6cf140, 0x000001fdab6cf2b0]
Event: 6.336 Thread 0x000001fdbe216fb0 2748       3       java.lang.invoke.ClassSpecializer$SpeciesData::transformHelper (56 bytes)
Event: 6.337 Thread 0x000001fdbe216fb0 nmethod 2748 0x000001fdab6cf390 code [0x000001fdab6cf5e0, 0x000001fdab6cfde0]
Event: 6.337 Thread 0x000001fdbe216fb0 2749       3       java.lang.invoke.LambdaFormBuffer::replaceParameterByCopy (38 bytes)
Event: 6.337 Thread 0x000001fdbe216fb0 nmethod 2749 0x000001fdab6d0090 code [0x000001fdab6d0260, 0x000001fdab6d0448]
Event: 6.337 Thread 0x000001fdbe216fb0 2750       3       java.lang.invoke.LambdaFormBuffer::noteDuplicate (115 bytes)
Event: 6.338 Thread 0x000001fdbe216fb0 nmethod 2750 0x000001fdab6d0590 code [0x000001fdab6d07a0, 0x000001fdab6d0f88]
Event: 6.339 Thread 0x000001fdbe216fb0 2751       3       java.lang.invoke.LambdaFormEditor::bindArgumentType (101 bytes)
Event: 6.340 Thread 0x000001fdbe216fb0 nmethod 2751 0x000001fdab6d1290 code [0x000001fdab6d1440, 0x000001fdab6d1658]
Event: 6.340 Thread 0x000001fdbe216fb0 2752       3       java.lang.invoke.LambdaFormEditor::bindArgumentForm (255 bytes)
Event: 6.343 Thread 0x000001fdbe216fb0 nmethod 2752 0x000001fdab6d1790 code [0x000001fdab6d1b40, 0x000001fdab6d2f80]
Event: 6.346 Thread 0x000001fdbe216fb0 2753       3       java.util.HashMap::newHashMap (44 bytes)
Event: 6.347 Thread 0x000001fdbe216fb0 nmethod 2753 0x000001fdab6d3910 code [0x000001fdab6d3ba0, 0x000001fdab6d4388]
Event: 6.366 Thread 0x000001fdbe216fb0 2756       3       jdk.internal.misc.Unsafe::weakCompareAndSetInt (11 bytes)
Event: 6.366 Thread 0x000001fdbe216fb0 nmethod 2756 0x000001fdab6d4710 code [0x000001fdab6d48a0, 0x000001fdab6d49c8]

GC Heap History (4 events):
Event: 0.817 GC heap before
{Heap before GC invocations=0 (full 0):
 garbage-first heap   total 262144K, used 23552K [0x00000000e0000000, 0x0000000100000000)
  region size 1024K, 23 young (23552K), 0 survivors (0K)
 Metaspace       used 864K, committed 1024K, reserved 393216K
  class space    used 66K, committed 128K, reserved 327680K
}
Event: 0.822 GC heap after
{Heap after GC invocations=1 (full 0):
 garbage-first heap   total 262144K, used 1578K [0x00000000e0000000, 0x0000000100000000)
  region size 1024K, 2 young (2048K), 2 survivors (2048K)
 Metaspace       used 864K, committed 1024K, reserved 393216K
  class space    used 66K, committed 128K, reserved 327680K
}
Event: 2.148 GC heap before
{Heap before GC invocations=1 (full 0):
 garbage-first heap   total 262144K, used 41514K [0x00000000e0000000, 0x0000000100000000)
  region size 1024K, 38 young (38912K), 2 survivors (2048K)
 Metaspace       used 4588K, committed 4800K, reserved 393216K
  class space    used 565K, committed 640K, reserved 327680K
}
Event: 2.157 GC heap after
{Heap after GC invocations=2 (full 0):
 garbage-first heap   total 262144K, used 11546K [0x00000000e0000000, 0x0000000100000000)
  region size 1024K, 5 young (5120K), 5 survivors (5120K)
 Metaspace       used 4588K, committed 4800K, reserved 393216K
  class space    used 565K, committed 640K, reserved 327680K
}

Dll operation events (15 events):
Event: 0.017 Loaded shared library C:\Program Files\Java\jdk-21\bin\java.dll
Event: 0.068 Loaded shared library C:\Program Files\Java\jdk-21\bin\jsvml.dll
Event: 0.142 Loaded shared library C:\Program Files\Java\jdk-21\bin\zip.dll
Event: 0.148 Loaded shared library C:\Program Files\Java\jdk-21\bin\instrument.dll
Event: 0.158 Loaded shared library C:\Program Files\Java\jdk-21\bin\net.dll
Event: 0.162 Loaded shared library C:\Program Files\Java\jdk-21\bin\nio.dll
Event: 0.166 Loaded shared library C:\Program Files\Java\jdk-21\bin\zip.dll
Event: 0.831 Loaded shared library C:\Program Files\Java\jdk-21\bin\jimage.dll
Event: 1.239 Loaded shared library C:\Program Files\Java\jdk-21\bin\verify.dll
Event: 1.299 Loaded shared library C:\Users\HP\.gradle\native\660c5614fbf4a5f2a75b1949f50a0caf5cd603558e7d8a26e50b933a0cfb79d1\windows-amd64\native-platform.dll
Event: 1.337 Loaded shared library C:\Users\HP\.gradle\native\0.2.8\x86_64-windows-gnu\gradle-fileevents.dll
Event: 3.937 Loaded shared library C:\Program Files\Java\jdk-21\bin\management.dll
Event: 3.941 Loaded shared library C:\Program Files\Java\jdk-21\bin\management_ext.dll
Event: 4.257 Loaded shared library C:\Program Files\Java\jdk-21\bin\extnet.dll
Event: 4.750 Loaded shared library C:\Program Files\Java\jdk-21\bin\sunmscapi.dll

Deoptimization events (20 events):
Event: 6.053 Thread 0x000001fdd9131170 DEOPT PACKING pc=0x000001fdb2c877d4 sp=0x000000d2d46fac30
Event: 6.053 Thread 0x000001fdd9131170 DEOPT UNPACKING pc=0x000001fdb27146a2 sp=0x000000d2d46fabe8 mode 2
Event: 6.067 Thread 0x000001fdd9131170 DEOPT PACKING pc=0x000001fdab294b5f sp=0x000000d2d46fa870
Event: 6.067 Thread 0x000001fdd9131170 DEOPT UNPACKING pc=0x000001fdb2714e42 sp=0x000000d2d46f9d08 mode 0
Event: 6.171 Thread 0x000001fdd9131170 Uncommon trap: trap_request=0xffffffcc fr.pc=0x000001fdb2d9fb44 relative=0x0000000000000384
Event: 6.171 Thread 0x000001fdd9131170 Uncommon trap: reason=intrinsic_or_type_checked_inlining action=make_not_entrant pc=0x000001fdb2d9fb44 method=java.util.Arrays.copyOf([Ljava/lang/Object;ILjava/lang/Class;)[Ljava/lang/Object; @ 35 c2
Event: 6.171 Thread 0x000001fdd9131170 DEOPT PACKING pc=0x000001fdb2d9fb44 sp=0x000000d2d46fb660
Event: 6.171 Thread 0x000001fdd9131170 DEOPT UNPACKING pc=0x000001fdb27146a2 sp=0x000000d2d46fb5f0 mode 2
Event: 6.211 Thread 0x000001fdd9131170 Uncommon trap: trap_request=0xffffff45 fr.pc=0x000001fdb2c85b8c relative=0x0000000000000d8c
Event: 6.211 Thread 0x000001fdd9131170 Uncommon trap: reason=unstable_if action=reinterpret pc=0x000001fdb2c85b8c method=java.io.WinNTFileSystem.resolve(Ljava/lang/String;Ljava/lang/String;)Ljava/lang/String; @ 19 c2
Event: 6.211 Thread 0x000001fdd9131170 DEOPT PACKING pc=0x000001fdb2c85b8c sp=0x000000d2d46fb420
Event: 6.211 Thread 0x000001fdd9131170 DEOPT UNPACKING pc=0x000001fdb27146a2 sp=0x000000d2d46fb3b8 mode 2
Event: 6.215 Thread 0x000001fdd9131170 Uncommon trap: trap_request=0xffffff45 fr.pc=0x000001fdb2c95170 relative=0x0000000000000690
Event: 6.215 Thread 0x000001fdd9131170 Uncommon trap: reason=unstable_if action=reinterpret pc=0x000001fdb2c95170 method=java.io.File.getName()Ljava/lang/String; @ 16 c2
Event: 6.215 Thread 0x000001fdd9131170 DEOPT PACKING pc=0x000001fdb2c95170 sp=0x000000d2d46fb3e0
Event: 6.215 Thread 0x000001fdd9131170 DEOPT UNPACKING pc=0x000001fdb27146a2 sp=0x000000d2d46fb3b0 mode 2
Event: 6.343 Thread 0x000001fdd9131170 Uncommon trap: trap_request=0xffffff45 fr.pc=0x000001fdb2c8f41c relative=0x00000000000000fc
Event: 6.343 Thread 0x000001fdd9131170 Uncommon trap: reason=unstable_if action=reinterpret pc=0x000001fdb2c8f41c method=java.util.HashMap.hash(Ljava/lang/Object;)I @ 1 c2
Event: 6.343 Thread 0x000001fdd9131170 DEOPT PACKING pc=0x000001fdb2c8f41c sp=0x000000d2d46fc2b0
Event: 6.343 Thread 0x000001fdd9131170 DEOPT UNPACKING pc=0x000001fdb27146a2 sp=0x000000d2d46fc1f0 mode 2

Classes loaded (20 events):
Event: 6.099 Loading class java/lang/Character$Subset done
Event: 6.101 Loading class java/lang/Character$UnicodeBlock done
Event: 6.144 Loading class sun/security/provider/MD5
Event: 6.145 Loading class sun/security/provider/MD5 done
Event: 6.146 Loading class sun/security/provider/SHA5$SHA512
Event: 6.147 Loading class sun/security/provider/SHA5
Event: 6.148 Loading class sun/security/provider/SHA5 done
Event: 6.148 Loading class sun/security/provider/SHA5$SHA512 done
Event: 6.150 Loading class sun/security/provider/ByteArrayAccess$LE
Event: 6.151 Loading class sun/security/provider/ByteArrayAccess$LE done
Event: 6.213 Loading class java/io/File$TempDirectory
Event: 6.214 Loading class java/io/File$TempDirectory done
Event: 6.278 Loading class java/util/concurrent/Semaphore
Event: 6.279 Loading class java/util/concurrent/Semaphore done
Event: 6.286 Loading class java/nio/file/FileVisitOption
Event: 6.286 Loading class java/nio/file/FileVisitOption done
Event: 6.291 Loading class java/util/stream/ReduceOps$1
Event: 6.292 Loading class java/util/stream/ReduceOps$1 done
Event: 6.292 Loading class java/util/stream/ReduceOps$1ReducingSink
Event: 6.292 Loading class java/util/stream/ReduceOps$1ReducingSink done

Classes unloaded (0 events):
No events

Classes redefined (0 events):
No events

Internal exceptions (20 events):
Event: 4.952 Thread 0x000001fdd92399e0 Exception <a 'java/lang/NoSuchMethodError'{0x00000000eb468fc0}: 'void java.lang.invoke.DirectMethodHandle$Holder.invokeSpecial(java.lang.Object, java.lang.Object, java.lang.Object)'> (0x00000000eb468fc0) 
thrown [s\open\src\hotspot\share\interpreter\linkResolver.cpp, line 773]
Event: 5.111 Thread 0x000001fdd9131170 Exception <a 'java/lang/NoSuchMethodError'{0x00000000ead4edb0}: 'long java.lang.invoke.DirectMethodHandle$Holder.invokeInterface(java.lang.Object, java.lang.Object)'> (0x00000000ead4edb0) 
thrown [s\open\src\hotspot\share\interpreter\linkResolver.cpp, line 773]
Event: 5.273 Thread 0x000001fdd9131170 Exception <a 'java/lang/NoSuchMethodError'{0x00000000ea938d98}: 'void java.lang.invoke.DirectMethodHandle$Holder.invokeStatic(java.lang.Object, java.lang.Object)'> (0x00000000ea938d98) 
thrown [s\open\src\hotspot\share\interpreter\linkResolver.cpp, line 773]
Event: 5.288 Thread 0x000001fdd9131170 Exception <a 'java/lang/NoSuchMethodError'{0x00000000ea993950}: 'java.lang.Object java.lang.invoke.DirectMethodHandle$Holder.invokeVirtual(java.lang.Object, java.lang.Object, java.lang.Object, java.lang.Object, java.lang.Object, java.lang.Object, java.lang.Object, java.lang.Object, java.lang.Object, java.lang.Object, java.lang.Object, java.lang.Object)'> (0x00000000ea993950) 
thrown [s\open\src\hotspot\share\interpreter\linkResolver.cpp, line 773]
Event: 5.289 Thread 0x000001fdd9131170 Exception <a 'java/lang/NoSuchMethodError'{0x00000000ea9988d8}: 'java.lang.Object java.lang.invoke.DirectMethodHandle$Holder.invokeSpecial(java.lang.Object, java.lang.Object, java.lang.Object, java.lang.Object, java.lang.Object, java.lang.Object, java.lang.Object, java.lang.Object, java.lang.Object, java.lang.Object, java.lang.Object, java.lang.Object, java.lang.Object)'> (0x00000000ea9988d8) 
thrown [s\open\src\hotspot\share\interpreter\linkResolver.cpp, line 773]
Event: 5.387 Thread 0x000001fdd9131170 Exception <a 'java/lang/NoSuchMethodError'{0x00000000ea7f6238}: 'int java.lang.invoke.DirectMethodHandle$Holder.invokeVirtual(java.lang.Object, java.lang.Object, java.lang.Object)'> (0x00000000ea7f6238) 
thrown [s\open\src\hotspot\share\interpreter\linkResolver.cpp, line 773]
Event: 5.509 Thread 0x000001fdd9131170 Exception <a 'java/lang/NoSuchMethodError'{0x00000000ea48a0b0}: 'java.lang.Object java.lang.invoke.DirectMethodHandle$Holder.newInvokeSpecial(java.lang.Object, java.lang.Object, java.lang.Object, java.lang.Object, java.lang.Object, java.lang.Object)'> (0x00000000ea48a0b0) 
thrown [s\open\src\hotspot\share\interpreter\linkResolver.cpp, line 773]
Event: 5.631 Thread 0x000001fdd9131170 Exception <a 'java/lang/NoSuchMethodError'{0x00000000ea135700}: 'void java.lang.invoke.DelegatingMethodHandle$Holder.reinvoke_L(java.lang.Object, java.lang.Object, java.lang.Object, java.lang.Object, java.lang.Object, java.lang.Object, java.lang.Object, java.lang.Object, java.lang.Object, java.lang.Object)'> (0x00000000ea135700) 
thrown [s\open\src\hotspot\share\interpreter\linkResolver.cpp, line 773]
Event: 5.632 Thread 0x000001fdd9131170 Exception <a 'java/lang/NoSuchMethodError'{0x00000000ea13d120}: 'java.lang.Object java.lang.invoke.Invokers$Holder.invoker(java.lang.Object, java.lang.Object, java.lang.Object, java.lang.Object, java.lang.Object, java.lang.Object, java.lang.Object, java.lang.Object, java.lang.Object, java.lang.Object)'> (0x00000000ea13d120) 
thrown [s\open\src\hotspot\share\interpreter\linkResolver.cpp, line 773]
Event: 5.928 Thread 0x000001fdd9131170 Exception <a 'java/lang/NoSuchMethodError'{0x00000000e9bce208}: 'void java.lang.invoke.DirectMethodHandle$Holder.invokeInterface(java.lang.Object, java.lang.Object)'> (0x00000000e9bce208) 
thrown [s\open\src\hotspot\share\interpreter\linkResolver.cpp, line 773]
Event: 5.929 Thread 0x000001fdd9131170 Exception <a 'java/lang/IncompatibleClassChangeError'{0x00000000e9bd1778}: Found class java.lang.Object, but interface was expected> (0x00000000e9bd1778) 
thrown [s\open\src\hotspot\share\interpreter\linkResolver.cpp, line 840]
Event: 5.992 Thread 0x000001fdd9131170 Exception <a 'java/lang/NoSuchMethodError'{0x00000000e9981360}: 'java.lang.Object java.lang.invoke.DirectMethodHandle$Holder.newInvokeSpecial(java.lang.Object, java.lang.Object, int)'> (0x00000000e9981360) 
thrown [s\open\src\hotspot\share\interpreter\linkResolver.cpp, line 773]
Event: 6.167 Thread 0x000001fdd9131170 Exception <a 'java/lang/NoSuchMethodError'{0x00000000e95110c8}: 'java.lang.Object java.lang.invoke.DirectMethodHandle$Holder.invokeVirtual(java.lang.Object, java.lang.Object, java.lang.Object, java.lang.Object, java.lang.Object, java.lang.Object, java.lang.Object, java.lang.Object)'> (0x00000000e95110c8) 
thrown [s\open\src\hotspot\share\interpreter\linkResolver.cpp, line 773]
Event: 6.205 Thread 0x000001fdd9131170 Exception <a 'java/lang/NoSuchMethodError'{0x00000000e94b46f8}: 'java.lang.Object java.lang.invoke.DirectMethodHandle$Holder.invokeVirtual(java.lang.Object, java.lang.Object, java.lang.Object, java.lang.Object, java.lang.Object, java.lang.Object, java.lang.Object, java.lang.Object, java.lang.Object, java.lang.Object)'> (0x00000000e94b46f8) 
thrown [s\open\src\hotspot\share\interpreter\linkResolver.cpp, line 773]
Event: 6.235 Thread 0x000001fdd9131170 Exception <a 'java/lang/NoSuchMethodError'{0x00000000e9344c90}: 'void java.lang.invoke.DirectMethodHandle$Holder.invokeStatic(java.lang.Object, java.lang.Object, java.lang.Object, java.lang.Object)'> (0x00000000e9344c90) 
thrown [s\open\src\hotspot\share\interpreter\linkResolver.cpp, line 773]
Event: 6.236 Thread 0x000001fdd9131170 Exception <a 'java/lang/NoSuchMethodError'{0x00000000e9348a18}: 'void java.lang.invoke.DirectMethodHandle$Holder.invokeStaticInit(java.lang.Object, java.lang.Object, java.lang.Object, java.lang.Object)'> (0x00000000e9348a18) 
thrown [s\open\src\hotspot\share\interpreter\linkResolver.cpp, line 773]
Event: 6.251 Thread 0x000001fdd9131170 Exception <a 'java/lang/NoSuchMethodError'{0x00000000e93a5ce8}: 'java.lang.Object java.lang.invoke.DirectMethodHandle$Holder.invokeInterface(java.lang.Object, java.lang.Object, java.lang.Object)'> (0x00000000e93a5ce8) 
thrown [s\open\src\hotspot\share\interpreter\linkResolver.cpp, line 773]
Event: 6.289 Thread 0x000001fdd9131170 Exception <a 'java/lang/NoSuchMethodError'{0x00000000e92b4b28}: 'int java.lang.invoke.DirectMethodHandle$Holder.invokeSpecialIFC(java.lang.Object, java.lang.Object, java.lang.Object, java.lang.Object)'> (0x00000000e92b4b28) 
thrown [s\open\src\hotspot\share\interpreter\linkResolver.cpp, line 773]
Event: 6.291 Thread 0x000001fdd9131170 Exception <a 'java/lang/IncompatibleClassChangeError'{0x00000000e92c1cb8}: Found class java.lang.Object, but interface was expected> (0x00000000e92c1cb8) 
thrown [s\open\src\hotspot\share\interpreter\linkResolver.cpp, line 840]
Event: 6.343 Thread 0x000001fdd9131170 Implicit null exception at 0x000001fdb2c8f366 to 0x000001fdb2c8f412

ZGC Phase Switch (0 events):
No events

VM Operations (20 events):
Event: 4.015 Executing VM operation: HandshakeAllThreads (Deoptimize)
Event: 4.015 Executing VM operation: HandshakeAllThreads (Deoptimize) done
Event: 4.094 Executing VM operation: HandshakeAllThreads (Deoptimize)
Event: 4.094 Executing VM operation: HandshakeAllThreads (Deoptimize) done
Event: 4.250 Executing VM operation: HandshakeAllThreads (Deoptimize)
Event: 4.250 Executing VM operation: HandshakeAllThreads (Deoptimize) done
Event: 4.250 Executing VM operation: Cleanup
Event: 4.250 Executing VM operation: Cleanup done
Event: 4.309 Executing VM operation: HandshakeAllThreads (Deoptimize)
Event: 4.309 Executing VM operation: HandshakeAllThreads (Deoptimize) done
Event: 4.402 Executing VM operation: HandshakeAllThreads (Deoptimize)
Event: 4.402 Executing VM operation: HandshakeAllThreads (Deoptimize) done
Event: 4.504 Executing VM operation: HandshakeAllThreads (Deoptimize)
Event: 4.504 Executing VM operation: HandshakeAllThreads (Deoptimize) done
Event: 4.786 Executing VM operation: HandshakeAllThreads (Deoptimize)
Event: 4.786 Executing VM operation: HandshakeAllThreads (Deoptimize) done
Event: 5.797 Executing VM operation: Cleanup
Event: 5.797 Executing VM operation: Cleanup done
Event: 5.987 Executing VM operation: HandshakeAllThreads (Deoptimize)
Event: 5.988 Executing VM operation: HandshakeAllThreads (Deoptimize) done

Events (20 events):
Event: 0.613 Thread 0x000001fdbe219f60 Thread added: 0x000001fdbe219f60
Event: 0.811 Thread 0x000001fdbe218420 Thread added: 0x000001fdbe218420
Event: 2.061 Thread 0x000001fdbe218420 Thread exited: 0x000001fdbe218420
Event: 2.560 Thread 0x000001fdbe219f60 Thread exited: 0x000001fdbe219f60
Event: 3.792 Thread 0x000001fdbe217680 Thread added: 0x000001fdbe217680
Event: 4.016 Thread 0x000001fdd8f90530 Thread added: 0x000001fdd8f90530
Event: 4.491 Thread 0x000001fdbe217680 Thread exited: 0x000001fdbe217680
Event: 4.558 Thread 0x000001fdd9011010 Thread added: 0x000001fdd9011010
Event: 4.702 Thread 0x000001fdd90a7780 Thread added: 0x000001fdd90a7780
Event: 4.870 Thread 0x000001fdd92399e0 Thread added: 0x000001fdd92399e0
Event: 4.874 Thread 0x000001fdd923a870 Thread added: 0x000001fdd923a870
Event: 4.937 Thread 0x000001fdd912f720 Thread added: 0x000001fdd912f720
Event: 4.953 Thread 0x000001fdd9131170 Thread added: 0x000001fdd9131170
Event: 4.976 Thread 0x000001fdd91b6ae0 Thread added: 0x000001fdd91b6ae0
Event: 4.985 Thread 0x000001fdd91b7170 Thread added: 0x000001fdd91b7170
Event: 5.004 Thread 0x000001fdd91b50a0 Thread added: 0x000001fdd91b50a0
Event: 5.989 Thread 0x000001fdd91b3cf0 Thread added: 0x000001fdd91b3cf0
Event: 6.010 Thread 0x000001fdd91b4380 Thread added: 0x000001fdd91b4380
Event: 6.071 Thread 0x000001fdbe218420 Thread added: 0x000001fdbe218420
Event: 6.178 Thread 0x000001fdd91b5730 Thread added: 0x000001fdd91b5730


Dynamic libraries:
0x00007ff75f9a0000 - 0x00007ff75f9b0000 	C:\Program Files\Java\jdk-21\bin\java.exe
0x00007fffaf620000 - 0x00007fffaf887000 	C:\WINDOWS\SYSTEM32\ntdll.dll
0x00007fffad920000 - 0x00007fffad9e9000 	C:\WINDOWS\System32\KERNEL32.DLL
0x00007fffac330000 - 0x00007fffac721000 	C:\WINDOWS\System32\KERNELBASE.dll
0x00007fffac1e0000 - 0x00007fffac32b000 	C:\WINDOWS\System32\ucrtbase.dll
0x00007fffa3900000 - 0x00007fffa391b000 	C:\Program Files\Java\jdk-21\bin\VCRUNTIME140.dll
0x00007fff88670000 - 0x00007fff88689000 	C:\Program Files\Java\jdk-21\bin\jli.dll
0x00007fffad5f0000 - 0x00007fffad6ab000 	C:\WINDOWS\System32\ADVAPI32.dll
0x00007fffad850000 - 0x00007fffad8f9000 	C:\WINDOWS\System32\msvcrt.dll
0x00007fffad7a0000 - 0x00007fffad847000 	C:\WINDOWS\System32\sechost.dll
0x00007fffae550000 - 0x00007fffae668000 	C:\WINDOWS\System32\RPCRT4.dll
0x00007fffae850000 - 0x00007fffaea15000 	C:\WINDOWS\System32\USER32.dll
0x00007fffac100000 - 0x00007fffac127000 	C:\WINDOWS\System32\win32u.dll
0x00007fff934f0000 - 0x00007fff93783000 	C:\WINDOWS\WinSxS\amd64_microsoft.windows.common-controls_6595b64144ccf1df_6.0.26100.8037_none_3e092faae333b53b\COMCTL32.dll
0x00007fffad410000 - 0x00007fffad43b000 	C:\WINDOWS\System32\GDI32.dll
0x00007fffad290000 - 0x00007fffad3bb000 	C:\WINDOWS\System32\gdi32full.dll
0x00007fffabf90000 - 0x00007fffac033000 	C:\WINDOWS\System32\msvcp_win.dll
0x00007fffa2190000 - 0x00007fffa219b000 	C:\WINDOWS\SYSTEM32\VERSION.dll
0x00007fffaf450000 - 0x00007fffaf481000 	C:\WINDOWS\System32\IMM32.DLL
0x00007fffa38f0000 - 0x00007fffa38fc000 	C:\Program Files\Java\jdk-21\bin\vcruntime140_1.dll
0x00007fff652c0000 - 0x00007fff6534e000 	C:\Program Files\Java\jdk-21\bin\msvcp140.dll
0x00007ffee13e0000 - 0x00007ffee20fd000 	C:\Program Files\Java\jdk-21\bin\server\jvm.dll
0x00007fffad6b0000 - 0x00007fffad724000 	C:\WINDOWS\System32\WS2_32.dll
0x00007fffabd60000 - 0x00007fffabdbe000 	C:\WINDOWS\SYSTEM32\POWRPROF.dll
0x00007fff958f0000 - 0x00007fff95925000 	C:\WINDOWS\SYSTEM32\WINMM.dll
0x00007fffabd40000 - 0x00007fffabd54000 	C:\WINDOWS\SYSTEM32\UMPDC.dll
0x00007fffaac90000 - 0x00007fffaacab000 	C:\WINDOWS\SYSTEM32\kernel.appcore.dll
0x00007fff878a0000 - 0x00007fff878aa000 	C:\Program Files\Java\jdk-21\bin\jimage.dll
0x00007fffa98a0000 - 0x00007fffa9ae2000 	C:\WINDOWS\SYSTEM32\DBGHELP.DLL
0x00007fffae160000 - 0x00007fffae4e2000 	C:\WINDOWS\System32\combase.dll
0x00007fffaf210000 - 0x00007fffaf2e7000 	C:\WINDOWS\System32\OLEAUT32.dll
0x00007fff913a0000 - 0x00007fff913db000 	C:\WINDOWS\SYSTEM32\dbgcore.DLL
0x00007fffac130000 - 0x00007fffac1d5000 	C:\WINDOWS\System32\bcryptPrimitives.dll
0x00007fff84170000 - 0x00007fff8417f000 	C:\Program Files\Java\jdk-21\bin\instrument.dll
0x00007fff86b30000 - 0x00007fff86b4f000 	C:\Program Files\Java\jdk-21\bin\java.dll
0x00007fffad9f0000 - 0x00007fffae14f000 	C:\WINDOWS\System32\SHELL32.dll
0x00007fffad120000 - 0x00007fffad28a000 	C:\WINDOWS\System32\wintypes.dll
0x00007fffac730000 - 0x00007fffacf94000 	C:\WINDOWS\System32\windows.storage.dll
0x00007fffaec80000 - 0x00007fffaed77000 	C:\WINDOWS\System32\SHCORE.dll
0x00007fffad730000 - 0x00007fffad797000 	C:\WINDOWS\System32\shlwapi.dll
0x00007fffabe20000 - 0x00007fffabe49000 	C:\WINDOWS\SYSTEM32\profapi.dll
0x00007fff44120000 - 0x00007fff441f7000 	C:\Program Files\Java\jdk-21\bin\jsvml.dll
0x00007fff847c0000 - 0x00007fff847d8000 	C:\Program Files\Java\jdk-21\bin\zip.dll
0x00007fff86970000 - 0x00007fff86980000 	C:\Program Files\Java\jdk-21\bin\net.dll
0x00007fffa57b0000 - 0x00007fffa58d7000 	C:\WINDOWS\SYSTEM32\WINHTTP.dll
0x00007fffab200000 - 0x00007fffab26b000 	C:\WINDOWS\system32\mswsock.dll
0x00007fff84b20000 - 0x00007fff84b36000 	C:\Program Files\Java\jdk-21\bin\nio.dll
0x00007fff84c70000 - 0x00007fff84c80000 	C:\Program Files\Java\jdk-21\bin\verify.dll
0x00007fff7cf20000 - 0x00007fff7cf47000 	C:\Users\HP\.gradle\native\660c5614fbf4a5f2a75b1949f50a0caf5cd603558e7d8a26e50b933a0cfb79d1\windows-amd64\native-platform.dll
0x00007fff63a10000 - 0x00007fff63a87000 	C:\Users\HP\.gradle\native\0.2.8\x86_64-windows-gnu\gradle-fileevents.dll
0x00007fff85530000 - 0x00007fff8553a000 	C:\Program Files\Java\jdk-21\bin\management.dll
0x00007fff84f60000 - 0x00007fff84f6b000 	C:\Program Files\Java\jdk-21\bin\management_ext.dll
0x00007fffad910000 - 0x00007fffad918000 	C:\WINDOWS\System32\PSAPI.DLL
0x00007fffaa5c0000 - 0x00007fffaa5f3000 	C:\WINDOWS\SYSTEM32\IPHLPAPI.DLL
0x00007fffad900000 - 0x00007fffad90a000 	C:\WINDOWS\System32\NSI.dll
0x00007fff84de0000 - 0x00007fff84de9000 	C:\Program Files\Java\jdk-21\bin\extnet.dll
0x00007fffab4f0000 - 0x00007fffab50b000 	C:\WINDOWS\SYSTEM32\CRYPTSP.dll
0x00007fffaabf0000 - 0x00007fffaac29000 	C:\WINDOWS\system32\rsaenh.dll
0x00007fffab2b0000 - 0x00007fffab2e2000 	C:\WINDOWS\SYSTEM32\USERENV.dll
0x00007fffabdf0000 - 0x00007fffabe1a000 	C:\WINDOWS\SYSTEM32\bcrypt.dll
0x00007fffab4e0000 - 0x00007fffab4ec000 	C:\WINDOWS\SYSTEM32\CRYPTBASE.dll
0x00007fff83e70000 - 0x00007fff83e7e000 	C:\Program Files\Java\jdk-21\bin\sunmscapi.dll
0x00007fffacfa0000 - 0x00007fffad117000 	C:\WINDOWS\System32\CRYPT32.dll
0x00007fffab700000 - 0x00007fffab730000 	C:\WINDOWS\SYSTEM32\ncrypt.dll
0x00007fffab6b0000 - 0x00007fffab6ef000 	C:\WINDOWS\SYSTEM32\NTASN1.dll
0x00007fff6cae0000 - 0x00007fff6cae8000 	C:\WINDOWS\system32\wshunix.dll

dbghelp: loaded successfully - version: 4.0.5 - missing functions: none
symbol engine: initialized successfully - sym options: 0x614 - pdb path: .;C:\Program Files\Java\jdk-21\bin;C:\WINDOWS\SYSTEM32;C:\WINDOWS\WinSxS\amd64_microsoft.windows.common-controls_6595b64144ccf1df_6.0.26100.8037_none_3e092faae333b53b;C:\Program Files\Java\jdk-21\bin\server;C:\Users\HP\.gradle\native\660c5614fbf4a5f2a75b1949f50a0caf5cd603558e7d8a26e50b933a0cfb79d1\windows-amd64;C:\Users\HP\.gradle\native\0.2.8\x86_64-windows-gnu

VM Arguments:
jvm_args: --add-opens=java.base/java.lang=ALL-UNNAMED --add-opens=java.base/java.lang.invoke=ALL-UNNAMED --add-opens=java.base/java.util=ALL-UNNAMED --add-opens=java.prefs/java.util.prefs=ALL-UNNAMED --add-exports=jdk.compiler/com.sun.tools.javac.api=ALL-UNNAMED --add-exports=jdk.compiler/com.sun.tools.javac.util=ALL-UNNAMED --add-opens=java.base/java.util=ALL-UNNAMED --add-opens=java.prefs/java.util.prefs=ALL-UNNAMED --add-opens=java.base/java.nio.charset=ALL-UNNAMED --add-opens=java.base/java.net=ALL-UNNAMED --add-opens=java.base/java.util.concurrent=ALL-UNNAMED --add-opens=java.base/java.util.concurrent.atomic=ALL-UNNAMED --add-opens=java.xml/javax.xml.namespace=ALL-UNNAMED --add-opens=java.base/java.time=ALL-UNNAMED -XX:MaxMetaspaceSize=384m -XX:+HeapDumpOnOutOfMemoryError -Xms256m -Xmx512m -Dfile.encoding=UTF-8 -Duser.country=FR -Duser.language=fr -Duser.variant -javaagent:C:\Users\HP\.gradle\wrapper\dists\gradle-9.3.0-bin\79n14ral3mx1ozqr3csh2u872\gradle-9.3.0\lib\agents\gradle-instrumentation-agent-9.3.0.jar 
java_command: org.gradle.launcher.daemon.bootstrap.GradleDaemon 9.3.0
java_class_path (initial): C:\Users\HP\.gradle\wrapper\dists\gradle-9.3.0-bin\79n14ral3mx1ozqr3csh2u872\gradle-9.3.0\lib\gradle-daemon-main-9.3.0.jar
Launcher Type: SUN_STANDARD

[Global flags]
     intx CICompilerCount                          = 4                                         {product} {ergonomic}
   size_t CompressedClassSpaceSize                 = 335544320                                 {product} {ergonomic}
     uint ConcGCThreads                            = 2                                         {product} {ergonomic}
     uint G1ConcRefinementThreads                  = 8                                         {product} {ergonomic}
   size_t G1HeapRegionSize                         = 1048576                                   {product} {ergonomic}
    uintx GCDrainStackTargetSize                   = 64                                        {product} {ergonomic}
     bool HeapDumpOnOutOfMemoryError               = true                                   {manageable} {command line}
   size_t InitialHeapSize                          = 268435456                                 {product} {command line}
   size_t MarkStackSize                            = 4194304                                   {product} {ergonomic}
   size_t MaxHeapSize                              = 536870912                                 {product} {command line}
   size_t MaxMetaspaceSize                         = 402653184                                 {product} {command line}
   size_t MaxNewSize                               = 321912832                                 {product} {ergonomic}
   size_t MinHeapDeltaBytes                        = 1048576                                   {product} {ergonomic}
   size_t MinHeapSize                              = 268435456                                 {product} {command line}
    uintx NonNMethodCodeHeapSize                   = 5839372                                {pd product} {ergonomic}
    uintx NonProfiledCodeHeapSize                  = 122909434                              {pd product} {ergonomic}
    uintx ProfiledCodeHeapSize                     = 122909434                              {pd product} {ergonomic}
    uintx ReservedCodeCacheSize                    = 251658240                              {pd product} {ergonomic}
     bool SegmentedCodeCache                       = true                                      {product} {ergonomic}
   size_t SoftMaxHeapSize                          = 536870912                              {manageable} {ergonomic}
     bool UseCompressedOops                        = true                           {product lp64_product} {ergonomic}
     bool UseG1GC                                  = true                                      {product} {ergonomic}
     bool UseLargePagesIndividualAllocation        = false                                  {pd product} {ergonomic}

Logging:
Log output configuration:
 #0: stdout all=warning uptime,level,tags foldmultilines=false
 #1: stderr all=off uptime,level,tags foldmultilines=false

Environment Variables:
PATH=C:\Users\HP\bin;C:\Program Files\Git\mingw64\bin;C:\Program Files\Git\usr\local\bin;C:\Program Files\Git\usr\bin;C:\Program Files\Git\usr\bin;C:\Program Files\Git\mingw64\bin;C:\Program Files\Git\usr\bin;C:\Users\HP\bin;C:\Program Files\Common Files\Oracle\Java\javapath;C:\WINDOWS\system32;C:\WINDOWS;C:\WINDOWS\System32\Wbem;C:\WINDOWS\System32\WindowsPowerShell\v1.0;C:\WINDOWS\System32\OpenSSH;C:\Program Files\nodejs;C:\Program Files (x86)\Microsoft SQL Server\160\Tools\Binn;C:\Program Files\Microsoft SQL Server\160\Tools\Binn;C:\Program Files\Microsoft SQL Server\Client SDK\ODBC\170\Tools\Binn;C:\Program Files\Microsoft SQL Server\160\DTS\Binn;C:\Program Files\Git\cmd;C:\Users\HP\AppData\Local\Microsoft\WindowsApps;C:\Users\HP\AppData\Roaming\npm;C:\Users\HP\AppData\Local\Programs\Microsoft VS Code\bin;C:\Program Files\Git\usr\bin\vendor_perl;C:\Program Files\Git\usr\bin\core_perl
USERNAME=HP
SHELL=C:\Program Files\Git\usr\bin\bash.exe
DISPLAY=needs-to-be-defined
LANG=fr_FR.UTF-8
TERM=xterm-256color
TMPDIR=C:\Users\HP\AppData\Local\Temp
OS=Windows_NT
PROCESSOR_IDENTIFIER=Intel64 Family 6 Model 142 Stepping 12, GenuineIntel
TMP=C:\Users\HP\AppData\Local\Temp
TEMP=C:\Users\HP\AppData\Local\Temp




Periodic native trim disabled

---------------  S Y S T E M  ---------------

OS:
 Windows 11 , 64 bit Build 26100 (10.0.26100.7920)
OS uptime: 1 days 4:12 hours

CPU: total 8 (initial active 8) (4 cores per cpu, 2 threads per core) family 6 model 142 stepping 12 microcode 0x100, cx8, cmov, fxsr, ht, mmx, 3dnowpref, sse, sse2, sse3, ssse3, sse4.1, sse4.2, popcnt, lzcnt, tsc, tscinvbit, avx, avx2, aes, erms, clmul, bmi1, bmi2, adx, fma, vzeroupper, clflush, clflushopt, rdtscp, f16c
Processor Information for all 8 processors :
  Max Mhz: 2208, Current Mhz: 1706, Mhz Limit: 1700

Memory: 4k page, system-wide physical 16085M (6331M free)
TotalPageFile size 16085M (AvailPageFile size 6M)
current process WorkingSet (physical memory assigned to process): 229M, peak: 230M
current process commit charge ("private bytes"): 417M, peak: 419M

vm_info: Java HotSpot(TM) 64-Bit Server VM (21.0.9+7-LTS-338) for windows-amd64 JRE (21.0.9+7-LTS-338), built on 2025-09-26T06:33:49Z by "mach5run" with MS VC++ 17.6 (VS2022)

END.
